{"D:\\workspace\\Chirpr\\client\\src\\App.js": {"path":"D:\\workspace\\Chirpr\\client\\src\\App.js","statementMap":{"0":{"start":{"line":27,"column":22},"end":{"line":27,"column":49}},"1":{"start":{"line":27,"column":43},"end":{"line":27,"column":48}},"2":{"start":{"line":28,"column":19},"end":{"line":28,"column":32}},"3":{"start":{"line":30,"column":17},"end":{"line":30,"column":28}},"4":{"start":{"line":32,"column":2},"end":{"line":62,"column":3}},"5":{"start":{"line":33,"column":4},"end":{"line":38,"column":5}},"6":{"start":{"line":35,"column":54},"end":{"line":35,"column":82}},"7":{"start":{"line":40,"column":4},"end":{"line":61,"column":5}},"8":{"start":{"line":42,"column":56},"end":{"line":42,"column":84}},"9":{"start":{"line":55,"column":48},"end":{"line":55,"column":90}},"10":{"start":{"line":56,"column":51},"end":{"line":56,"column":96}}},"fnMap":{"0":{"name":"App","decl":{"start":{"line":25,"column":9},"end":{"line":25,"column":12}},"loc":{"start":{"line":25,"column":16},"end":{"line":63,"column":1}},"line":25},"1":{"name":"(anonymous_1)","decl":{"start":{"line":27,"column":34},"end":{"line":27,"column":35}},"loc":{"start":{"line":27,"column":43},"end":{"line":27,"column":48}},"line":27},"2":{"name":"(anonymous_2)","decl":{"start":{"line":35,"column":48},"end":{"line":35,"column":49}},"loc":{"start":{"line":35,"column":54},"end":{"line":35,"column":82}},"line":35},"3":{"name":"(anonymous_3)","decl":{"start":{"line":42,"column":50},"end":{"line":42,"column":51}},"loc":{"start":{"line":42,"column":56},"end":{"line":42,"column":84}},"line":42},"4":{"name":"(anonymous_4)","decl":{"start":{"line":55,"column":42},"end":{"line":55,"column":43}},"loc":{"start":{"line":55,"column":48},"end":{"line":55,"column":90}},"line":55},"5":{"name":"(anonymous_5)","decl":{"start":{"line":56,"column":45},"end":{"line":56,"column":46}},"loc":{"start":{"line":56,"column":51},"end":{"line":56,"column":96}},"line":56}},"branchMap":{"0":{"loc":{"start":{"line":32,"column":2},"end":{"line":62,"column":3}},"type":"if","locations":[{"start":{"line":32,"column":2},"end":{"line":62,"column":3}},{"start":{"line":32,"column":2},"end":{"line":62,"column":3}}],"line":32}},"s":{"0":0,"1":0,"2":0,"3":0,"4":0,"5":0,"6":0,"7":0,"8":0,"9":0,"10":0},"f":{"0":0,"1":0,"2":0,"3":0,"4":0,"5":0},"b":{"0":[0,0]},"hash":"554b93bd533bf878f9d60c22f550c204aaebf109"}
,"D:\\workspace\\Chirpr\\client\\src\\configureStore.js": {"path":"D:\\workspace\\Chirpr\\client\\src\\configureStore.js","statementMap":{"0":{"start":{"line":11,"column":22},"end":{"line":15,"column":1}},"1":{"start":{"line":17,"column":25},"end":{"line":17,"column":64}},"2":{"start":{"line":19,"column":14},"end":{"line":19,"column":95}},"3":{"start":{"line":20,"column":18},"end":{"line":20,"column":37}}},"fnMap":{},"branchMap":{},"s":{"0":1,"1":1,"2":1,"3":1},"f":{},"b":{},"_coverageSchema":"43e27e138ebf9cfc5966b082cf9a028302ed4184","hash":"1bff4f6db24ef86f305d51f8bae0a22c90101ca7"}
,"D:\\workspace\\Chirpr\\client\\src\\index.js": {"path":"D:\\workspace\\Chirpr\\client\\src\\index.js","statementMap":{"0":{"start":{"line":16,"column":0},"end":{"line":23,"column":45}}},"fnMap":{},"branchMap":{},"s":{"0":0},"f":{},"b":{},"hash":"bfb443cc4988a86cf55d4e8e2aeeb06aa884ae30"}
,"D:\\workspace\\Chirpr\\client\\src\\serviceWorker.js": {"path":"D:\\workspace\\Chirpr\\client\\src\\serviceWorker.js","statementMap":{"0":{"start":{"line":13,"column":20},"end":{"line":21,"column":1}},"1":{"start":{"line":24,"column":2},"end":{"line":54,"column":3}},"2":{"start":{"line":26,"column":22},"end":{"line":26,"column":75}},"3":{"start":{"line":27,"column":4},"end":{"line":32,"column":5}},"4":{"start":{"line":31,"column":6},"end":{"line":31,"column":13}},"5":{"start":{"line":34,"column":4},"end":{"line":53,"column":7}},"6":{"start":{"line":35,"column":20},"end":{"line":35,"column":65}},"7":{"start":{"line":37,"column":6},"end":{"line":52,"column":7}},"8":{"start":{"line":39,"column":8},"end":{"line":39,"column":47}},"9":{"start":{"line":43,"column":8},"end":{"line":48,"column":11}},"10":{"start":{"line":44,"column":10},"end":{"line":47,"column":12}},"11":{"start":{"line":51,"column":8},"end":{"line":51,"column":39}},"12":{"start":{"line":58,"column":2},"end":{"line":98,"column":7}},"13":{"start":{"line":61,"column":6},"end":{"line":94,"column":8}},"14":{"start":{"line":62,"column":33},"end":{"line":62,"column":56}},"15":{"start":{"line":63,"column":8},"end":{"line":65,"column":9}},"16":{"start":{"line":64,"column":10},"end":{"line":64,"column":17}},"17":{"start":{"line":66,"column":8},"end":{"line":93,"column":10}},"18":{"start":{"line":67,"column":10},"end":{"line":92,"column":11}},"19":{"start":{"line":68,"column":12},"end":{"line":91,"column":13}},"20":{"start":{"line":72,"column":14},"end":{"line":75,"column":16}},"21":{"start":{"line":78,"column":14},"end":{"line":80,"column":15}},"22":{"start":{"line":79,"column":16},"end":{"line":79,"column":46}},"23":{"start":{"line":85,"column":14},"end":{"line":85,"column":64}},"24":{"start":{"line":88,"column":14},"end":{"line":90,"column":15}},"25":{"start":{"line":89,"column":16},"end":{"line":89,"column":47}},"26":{"start":{"line":97,"column":6},"end":{"line":97,"column":72}},"27":{"start":{"line":103,"column":2},"end":{"line":128,"column":7}},"28":{"start":{"line":108,"column":26},"end":{"line":108,"column":62}},"29":{"start":{"line":109,"column":6},"end":{"line":122,"column":7}},"30":{"start":{"line":114,"column":8},"end":{"line":118,"column":11}},"31":{"start":{"line":115,"column":10},"end":{"line":117,"column":13}},"32":{"start":{"line":116,"column":12},"end":{"line":116,"column":37}},"33":{"start":{"line":121,"column":8},"end":{"line":121,"column":39}},"34":{"start":{"line":125,"column":6},"end":{"line":127,"column":8}},"35":{"start":{"line":132,"column":2},"end":{"line":136,"column":3}},"36":{"start":{"line":133,"column":4},"end":{"line":135,"column":7}},"37":{"start":{"line":134,"column":6},"end":{"line":134,"column":32}}},"fnMap":{"0":{"name":"register","decl":{"start":{"line":23,"column":16},"end":{"line":23,"column":24}},"loc":{"start":{"line":23,"column":33},"end":{"line":55,"column":1}},"line":23},"1":{"name":"(anonymous_1)","decl":{"start":{"line":34,"column":36},"end":{"line":34,"column":37}},"loc":{"start":{"line":34,"column":42},"end":{"line":53,"column":5}},"line":34},"2":{"name":"(anonymous_2)","decl":{"start":{"line":43,"column":43},"end":{"line":43,"column":44}},"loc":{"start":{"line":43,"column":49},"end":{"line":48,"column":9}},"line":43},"3":{"name":"registerValidSW","decl":{"start":{"line":57,"column":9},"end":{"line":57,"column":24}},"loc":{"start":{"line":57,"column":40},"end":{"line":99,"column":1}},"line":57},"4":{"name":"(anonymous_4)","decl":{"start":{"line":60,"column":10},"end":{"line":60,"column":11}},"loc":{"start":{"line":60,"column":26},"end":{"line":95,"column":5}},"line":60},"5":{"name":"(anonymous_5)","decl":{"start":{"line":61,"column":35},"end":{"line":61,"column":36}},"loc":{"start":{"line":61,"column":41},"end":{"line":94,"column":7}},"line":61},"6":{"name":"(anonymous_6)","decl":{"start":{"line":66,"column":41},"end":{"line":66,"column":42}},"loc":{"start":{"line":66,"column":47},"end":{"line":93,"column":9}},"line":66},"7":{"name":"(anonymous_7)","decl":{"start":{"line":96,"column":11},"end":{"line":96,"column":12}},"loc":{"start":{"line":96,"column":20},"end":{"line":98,"column":5}},"line":96},"8":{"name":"checkValidServiceWorker","decl":{"start":{"line":101,"column":9},"end":{"line":101,"column":32}},"loc":{"start":{"line":101,"column":48},"end":{"line":129,"column":1}},"line":101},"9":{"name":"(anonymous_9)","decl":{"start":{"line":106,"column":10},"end":{"line":106,"column":11}},"loc":{"start":{"line":106,"column":22},"end":{"line":123,"column":5}},"line":106},"10":{"name":"(anonymous_10)","decl":{"start":{"line":114,"column":43},"end":{"line":114,"column":44}},"loc":{"start":{"line":114,"column":59},"end":{"line":118,"column":9}},"line":114},"11":{"name":"(anonymous_11)","decl":{"start":{"line":115,"column":41},"end":{"line":115,"column":42}},"loc":{"start":{"line":115,"column":47},"end":{"line":117,"column":11}},"line":115},"12":{"name":"(anonymous_12)","decl":{"start":{"line":124,"column":11},"end":{"line":124,"column":12}},"loc":{"start":{"line":124,"column":17},"end":{"line":128,"column":5}},"line":124},"13":{"name":"unregister","decl":{"start":{"line":131,"column":16},"end":{"line":131,"column":26}},"loc":{"start":{"line":131,"column":29},"end":{"line":137,"column":1}},"line":131},"14":{"name":"(anonymous_14)","decl":{"start":{"line":133,"column":39},"end":{"line":133,"column":40}},"loc":{"start":{"line":133,"column":55},"end":{"line":135,"column":5}},"line":133}},"branchMap":{"0":{"loc":{"start":{"line":14,"column":2},"end":{"line":20,"column":5}},"type":"binary-expr","locations":[{"start":{"line":14,"column":2},"end":{"line":14,"column":42}},{"start":{"line":16,"column":4},"end":{"line":16,"column":40}},{"start":{"line":18,"column":4},"end":{"line":20,"column":5}}],"line":14},"1":{"loc":{"start":{"line":24,"column":2},"end":{"line":54,"column":3}},"type":"if","locations":[{"start":{"line":24,"column":2},"end":{"line":54,"column":3}},{"start":{"line":24,"column":2},"end":{"line":54,"column":3}}],"line":24},"2":{"loc":{"start":{"line":24,"column":6},"end":{"line":24,"column":75}},"type":"binary-expr","locations":[{"start":{"line":24,"column":6},"end":{"line":24,"column":43}},{"start":{"line":24,"column":47},"end":{"line":24,"column":75}}],"line":24},"3":{"loc":{"start":{"line":27,"column":4},"end":{"line":32,"column":5}},"type":"if","locations":[{"start":{"line":27,"column":4},"end":{"line":32,"column":5}},{"start":{"line":27,"column":4},"end":{"line":32,"column":5}}],"line":27},"4":{"loc":{"start":{"line":37,"column":6},"end":{"line":52,"column":7}},"type":"if","locations":[{"start":{"line":37,"column":6},"end":{"line":52,"column":7}},{"start":{"line":37,"column":6},"end":{"line":52,"column":7}}],"line":37},"5":{"loc":{"start":{"line":63,"column":8},"end":{"line":65,"column":9}},"type":"if","locations":[{"start":{"line":63,"column":8},"end":{"line":65,"column":9}},{"start":{"line":63,"column":8},"end":{"line":65,"column":9}}],"line":63},"6":{"loc":{"start":{"line":67,"column":10},"end":{"line":92,"column":11}},"type":"if","locations":[{"start":{"line":67,"column":10},"end":{"line":92,"column":11}},{"start":{"line":67,"column":10},"end":{"line":92,"column":11}}],"line":67},"7":{"loc":{"start":{"line":68,"column":12},"end":{"line":91,"column":13}},"type":"if","locations":[{"start":{"line":68,"column":12},"end":{"line":91,"column":13}},{"start":{"line":68,"column":12},"end":{"line":91,"column":13}}],"line":68},"8":{"loc":{"start":{"line":78,"column":14},"end":{"line":80,"column":15}},"type":"if","locations":[{"start":{"line":78,"column":14},"end":{"line":80,"column":15}},{"start":{"line":78,"column":14},"end":{"line":80,"column":15}}],"line":78},"9":{"loc":{"start":{"line":78,"column":18},"end":{"line":78,"column":43}},"type":"binary-expr","locations":[{"start":{"line":78,"column":18},"end":{"line":78,"column":24}},{"start":{"line":78,"column":28},"end":{"line":78,"column":43}}],"line":78},"10":{"loc":{"start":{"line":88,"column":14},"end":{"line":90,"column":15}},"type":"if","locations":[{"start":{"line":88,"column":14},"end":{"line":90,"column":15}},{"start":{"line":88,"column":14},"end":{"line":90,"column":15}}],"line":88},"11":{"loc":{"start":{"line":88,"column":18},"end":{"line":88,"column":44}},"type":"binary-expr","locations":[{"start":{"line":88,"column":18},"end":{"line":88,"column":24}},{"start":{"line":88,"column":28},"end":{"line":88,"column":44}}],"line":88},"12":{"loc":{"start":{"line":109,"column":6},"end":{"line":122,"column":7}},"type":"if","locations":[{"start":{"line":109,"column":6},"end":{"line":122,"column":7}},{"start":{"line":109,"column":6},"end":{"line":122,"column":7}}],"line":109},"13":{"loc":{"start":{"line":110,"column":8},"end":{"line":111,"column":73}},"type":"binary-expr","locations":[{"start":{"line":110,"column":8},"end":{"line":110,"column":31}},{"start":{"line":111,"column":9},"end":{"line":111,"column":28}},{"start":{"line":111,"column":32},"end":{"line":111,"column":72}}],"line":110},"14":{"loc":{"start":{"line":132,"column":2},"end":{"line":136,"column":3}},"type":"if","locations":[{"start":{"line":132,"column":2},"end":{"line":136,"column":3}},{"start":{"line":132,"column":2},"end":{"line":136,"column":3}}],"line":132}},"s":{"0":0,"1":0,"2":0,"3":0,"4":0,"5":0,"6":0,"7":0,"8":0,"9":0,"10":0,"11":0,"12":0,"13":0,"14":0,"15":0,"16":0,"17":0,"18":0,"19":0,"20":0,"21":0,"22":0,"23":0,"24":0,"25":0,"26":0,"27":0,"28":0,"29":0,"30":0,"31":0,"32":0,"33":0,"34":0,"35":0,"36":0,"37":0},"f":{"0":0,"1":0,"2":0,"3":0,"4":0,"5":0,"6":0,"7":0,"8":0,"9":0,"10":0,"11":0,"12":0,"13":0,"14":0},"b":{"0":[0,0,0],"1":[0,0],"2":[0,0],"3":[0,0],"4":[0,0],"5":[0,0],"6":[0,0],"7":[0,0],"8":[0,0],"9":[0,0],"10":[0,0],"11":[0,0],"12":[0,0],"13":[0,0,0],"14":[0,0]},"hash":"0e54cdd6dd018e62203922b9477f6afb670eb343"}
,"D:\\workspace\\Chirpr\\client\\src\\actions\\index.js": {"path":"D:\\workspace\\Chirpr\\client\\src\\actions\\index.js","statementMap":{"0":{"start":{"line":23,"column":21},"end":{"line":57,"column":1}},"1":{"start":{"line":23,"column":42},"end":{"line":57,"column":1}},"2":{"start":{"line":25,"column":4},"end":{"line":56,"column":5}},"3":{"start":{"line":26,"column":8},"end":{"line":26,"column":54}},"4":{"start":{"line":28,"column":25},"end":{"line":28,"column":77}},"5":{"start":{"line":30,"column":8},"end":{"line":42,"column":9}},"6":{"start":{"line":32,"column":31},"end":{"line":32,"column":41}},"7":{"start":{"line":33,"column":12},"end":{"line":33,"column":65}},"8":{"start":{"line":35,"column":12},"end":{"line":41,"column":15}},"9":{"start":{"line":44,"column":8},"end":{"line":44,"column":55}},"10":{"start":{"line":46,"column":8},"end":{"line":47,"column":76}},"11":{"start":{"line":46,"column":73},"end":{"line":46,"column":126}},"12":{"start":{"line":47,"column":13},"end":{"line":47,"column":76}},"13":{"start":{"line":50,"column":8},"end":{"line":54,"column":11}},"14":{"start":{"line":55,"column":8},"end":{"line":55,"column":55}},"15":{"start":{"line":59,"column":22},"end":{"line":79,"column":1}},"16":{"start":{"line":59,"column":28},"end":{"line":79,"column":1}},"17":{"start":{"line":60,"column":3},"end":{"line":78,"column":5}},"18":{"start":{"line":62,"column":4},"end":{"line":62,"column":50}},"19":{"start":{"line":63,"column":4},"end":{"line":63,"column":28}},"20":{"start":{"line":65,"column":4},"end":{"line":65,"column":31}},"21":{"start":{"line":67,"column":4},"end":{"line":67,"column":51}},"22":{"start":{"line":69,"column":4},"end":{"line":69,"column":58}},"23":{"start":{"line":72,"column":8},"end":{"line":76,"column":11}},"24":{"start":{"line":77,"column":8},"end":{"line":77,"column":55}},"25":{"start":{"line":81,"column":24},"end":{"line":107,"column":1}},"26":{"start":{"line":81,"column":45},"end":{"line":107,"column":1}},"27":{"start":{"line":82,"column":4},"end":{"line":106,"column":5}},"28":{"start":{"line":84,"column":8},"end":{"line":84,"column":54}},"29":{"start":{"line":86,"column":25},"end":{"line":86,"column":77}},"30":{"start":{"line":88,"column":8},"end":{"line":95,"column":9}},"31":{"start":{"line":90,"column":12},"end":{"line":90,"column":76}},"32":{"start":{"line":92,"column":12},"end":{"line":92,"column":59}},"33":{"start":{"line":94,"column":12},"end":{"line":94,"column":66}},"34":{"start":{"line":98,"column":8},"end":{"line":102,"column":11}},"35":{"start":{"line":103,"column":8},"end":{"line":103,"column":55}},"36":{"start":{"line":105,"column":8},"end":{"line":105,"column":65}},"37":{"start":{"line":109,"column":30},"end":{"line":137,"column":1}},"38":{"start":{"line":109,"column":36},"end":{"line":137,"column":1}},"39":{"start":{"line":111,"column":4},"end":{"line":136,"column":5}},"40":{"start":{"line":113,"column":8},"end":{"line":113,"column":54}},"41":{"start":{"line":115,"column":26},"end":{"line":115,"column":36}},"42":{"start":{"line":116,"column":25},"end":{"line":121,"column":9}},"43":{"start":{"line":123,"column":8},"end":{"line":125,"column":9}},"44":{"start":{"line":124,"column":12},"end":{"line":124,"column":73}},"45":{"start":{"line":127,"column":8},"end":{"line":127,"column":55}},"46":{"start":{"line":130,"column":8},"end":{"line":134,"column":11}},"47":{"start":{"line":135,"column":8},"end":{"line":135,"column":55}},"48":{"start":{"line":139,"column":24},"end":{"line":144,"column":1}},"49":{"start":{"line":140,"column":4},"end":{"line":143,"column":5}},"50":{"start":{"line":146,"column":29},"end":{"line":173,"column":1}},"51":{"start":{"line":146,"column":39},"end":{"line":173,"column":1}},"52":{"start":{"line":147,"column":58},"end":{"line":147,"column":62}},"53":{"start":{"line":148,"column":4},"end":{"line":172,"column":5}},"54":{"start":{"line":149,"column":8},"end":{"line":149,"column":54}},"55":{"start":{"line":150,"column":22},"end":{"line":150,"column":43}},"56":{"start":{"line":151,"column":25},"end":{"line":156,"column":9}},"57":{"start":{"line":158,"column":8},"end":{"line":161,"column":9}},"58":{"start":{"line":159,"column":12},"end":{"line":159,"column":71}},"59":{"start":{"line":160,"column":12},"end":{"line":160,"column":69}},"60":{"start":{"line":163,"column":8},"end":{"line":163,"column":55}},"61":{"start":{"line":166,"column":8},"end":{"line":170,"column":11}},"62":{"start":{"line":171,"column":8},"end":{"line":171,"column":55}},"63":{"start":{"line":175,"column":25},"end":{"line":201,"column":1}},"64":{"start":{"line":175,"column":31},"end":{"line":201,"column":1}},"65":{"start":{"line":177,"column":4},"end":{"line":200,"column":5}},"66":{"start":{"line":178,"column":8},"end":{"line":178,"column":54}},"67":{"start":{"line":179,"column":22},"end":{"line":179,"column":43}},"68":{"start":{"line":180,"column":25},"end":{"line":185,"column":9}},"69":{"start":{"line":187,"column":8},"end":{"line":189,"column":9}},"70":{"start":{"line":188,"column":12},"end":{"line":188,"column":74}},"71":{"start":{"line":191,"column":8},"end":{"line":191,"column":55}},"72":{"start":{"line":194,"column":8},"end":{"line":198,"column":11}},"73":{"start":{"line":199,"column":8},"end":{"line":199,"column":55}},"74":{"start":{"line":203,"column":27},"end":{"line":240,"column":1}},"75":{"start":{"line":203,"column":40},"end":{"line":240,"column":1}},"76":{"start":{"line":204,"column":4},"end":{"line":239,"column":5}},"77":{"start":{"line":206,"column":8},"end":{"line":206,"column":54}},"78":{"start":{"line":208,"column":8},"end":{"line":229,"column":9}},"79":{"start":{"line":209,"column":12},"end":{"line":214,"column":15}},"80":{"start":{"line":215,"column":12},"end":{"line":215,"column":59}},"81":{"start":{"line":217,"column":29},"end":{"line":222,"column":13}},"82":{"start":{"line":224,"column":12},"end":{"line":228,"column":13}},"83":{"start":{"line":225,"column":16},"end":{"line":225,"column":72}},"84":{"start":{"line":226,"column":16},"end":{"line":226,"column":38}},"85":{"start":{"line":227,"column":16},"end":{"line":227,"column":86}},"86":{"start":{"line":233,"column":8},"end":{"line":237,"column":11}},"87":{"start":{"line":238,"column":8},"end":{"line":238,"column":55}},"88":{"start":{"line":242,"column":27},"end":{"line":267,"column":1}},"89":{"start":{"line":242,"column":44},"end":{"line":267,"column":1}},"90":{"start":{"line":243,"column":4},"end":{"line":266,"column":5}},"91":{"start":{"line":245,"column":8},"end":{"line":245,"column":54}},"92":{"start":{"line":247,"column":25},"end":{"line":251,"column":15}},"93":{"start":{"line":253,"column":8},"end":{"line":257,"column":9}},"94":{"start":{"line":254,"column":12},"end":{"line":254,"column":68}},"95":{"start":{"line":255,"column":12},"end":{"line":255,"column":34}},"96":{"start":{"line":256,"column":12},"end":{"line":256,"column":82}},"97":{"start":{"line":260,"column":8},"end":{"line":264,"column":11}},"98":{"start":{"line":265,"column":8},"end":{"line":265,"column":55}},"99":{"start":{"line":269,"column":27},"end":{"line":293,"column":1}},"100":{"start":{"line":269,"column":35},"end":{"line":293,"column":1}},"101":{"start":{"line":270,"column":4},"end":{"line":292,"column":5}},"102":{"start":{"line":272,"column":8},"end":{"line":272,"column":54}},"103":{"start":{"line":274,"column":25},"end":{"line":277,"column":15}},"104":{"start":{"line":279,"column":8},"end":{"line":283,"column":9}},"105":{"start":{"line":280,"column":12},"end":{"line":280,"column":68}},"106":{"start":{"line":281,"column":12},"end":{"line":281,"column":34}},"107":{"start":{"line":282,"column":12},"end":{"line":282,"column":82}},"108":{"start":{"line":286,"column":8},"end":{"line":290,"column":11}},"109":{"start":{"line":291,"column":8},"end":{"line":291,"column":55}},"110":{"start":{"line":295,"column":33},"end":{"line":329,"column":1}},"111":{"start":{"line":295,"column":41},"end":{"line":329,"column":1}},"112":{"start":{"line":296,"column":4},"end":{"line":328,"column":5}},"113":{"start":{"line":297,"column":8},"end":{"line":297,"column":54}},"114":{"start":{"line":298,"column":22},"end":{"line":298,"column":43}},"115":{"start":{"line":300,"column":8},"end":{"line":319,"column":9}},"116":{"start":{"line":301,"column":12},"end":{"line":306,"column":15}},"117":{"start":{"line":307,"column":12},"end":{"line":307,"column":59}},"118":{"start":{"line":309,"column":29},"end":{"line":312,"column":19}},"119":{"start":{"line":314,"column":12},"end":{"line":318,"column":13}},"120":{"start":{"line":315,"column":16},"end":{"line":315,"column":74}},"121":{"start":{"line":316,"column":16},"end":{"line":316,"column":38}},"122":{"start":{"line":317,"column":16},"end":{"line":317,"column":99}},"123":{"start":{"line":322,"column":8},"end":{"line":326,"column":11}},"124":{"start":{"line":327,"column":8},"end":{"line":327,"column":55}},"125":{"start":{"line":331,"column":29},"end":{"line":365,"column":1}},"126":{"start":{"line":331,"column":37},"end":{"line":365,"column":1}},"127":{"start":{"line":332,"column":4},"end":{"line":364,"column":5}},"128":{"start":{"line":333,"column":8},"end":{"line":333,"column":54}},"129":{"start":{"line":334,"column":22},"end":{"line":334,"column":43}},"130":{"start":{"line":336,"column":8},"end":{"line":355,"column":9}},"131":{"start":{"line":337,"column":12},"end":{"line":342,"column":15}},"132":{"start":{"line":343,"column":12},"end":{"line":343,"column":59}},"133":{"start":{"line":345,"column":29},"end":{"line":348,"column":19}},"134":{"start":{"line":350,"column":12},"end":{"line":354,"column":13}},"135":{"start":{"line":351,"column":16},"end":{"line":351,"column":74}},"136":{"start":{"line":352,"column":16},"end":{"line":352,"column":38}},"137":{"start":{"line":353,"column":16},"end":{"line":353,"column":93}},"138":{"start":{"line":358,"column":8},"end":{"line":362,"column":11}},"139":{"start":{"line":363,"column":8},"end":{"line":363,"column":55}}},"fnMap":{"0":{"name":"(anonymous_0)","decl":{"start":{"line":23,"column":21},"end":{"line":23,"column":22}},"loc":{"start":{"line":23,"column":42},"end":{"line":57,"column":1}},"line":23},"1":{"name":"(anonymous_1)","decl":{"start":{"line":23,"column":42},"end":{"line":23,"column":43}},"loc":{"start":{"line":23,"column":62},"end":{"line":57,"column":1}},"line":23},"2":{"name":"(anonymous_2)","decl":{"start":{"line":59,"column":22},"end":{"line":59,"column":23}},"loc":{"start":{"line":59,"column":28},"end":{"line":79,"column":1}},"line":59},"3":{"name":"(anonymous_3)","decl":{"start":{"line":59,"column":28},"end":{"line":59,"column":29}},"loc":{"start":{"line":59,"column":48},"end":{"line":79,"column":1}},"line":59},"4":{"name":"(anonymous_4)","decl":{"start":{"line":81,"column":24},"end":{"line":81,"column":25}},"loc":{"start":{"line":81,"column":45},"end":{"line":107,"column":1}},"line":81},"5":{"name":"(anonymous_5)","decl":{"start":{"line":81,"column":45},"end":{"line":81,"column":46}},"loc":{"start":{"line":81,"column":65},"end":{"line":107,"column":1}},"line":81},"6":{"name":"(anonymous_6)","decl":{"start":{"line":109,"column":30},"end":{"line":109,"column":31}},"loc":{"start":{"line":109,"column":36},"end":{"line":137,"column":1}},"line":109},"7":{"name":"(anonymous_7)","decl":{"start":{"line":109,"column":36},"end":{"line":109,"column":37}},"loc":{"start":{"line":109,"column":66},"end":{"line":137,"column":1}},"line":109},"8":{"name":"(anonymous_8)","decl":{"start":{"line":139,"column":24},"end":{"line":139,"column":25}},"loc":{"start":{"line":139,"column":32},"end":{"line":144,"column":1}},"line":139},"9":{"name":"(anonymous_9)","decl":{"start":{"line":146,"column":29},"end":{"line":146,"column":30}},"loc":{"start":{"line":146,"column":39},"end":{"line":173,"column":1}},"line":146},"10":{"name":"(anonymous_10)","decl":{"start":{"line":146,"column":39},"end":{"line":146,"column":40}},"loc":{"start":{"line":146,"column":69},"end":{"line":173,"column":1}},"line":146},"11":{"name":"(anonymous_11)","decl":{"start":{"line":175,"column":25},"end":{"line":175,"column":26}},"loc":{"start":{"line":175,"column":31},"end":{"line":201,"column":1}},"line":175},"12":{"name":"(anonymous_12)","decl":{"start":{"line":175,"column":31},"end":{"line":175,"column":32}},"loc":{"start":{"line":175,"column":61},"end":{"line":201,"column":1}},"line":175},"13":{"name":"(anonymous_13)","decl":{"start":{"line":203,"column":27},"end":{"line":203,"column":28}},"loc":{"start":{"line":203,"column":40},"end":{"line":240,"column":1}},"line":203},"14":{"name":"(anonymous_14)","decl":{"start":{"line":203,"column":40},"end":{"line":203,"column":41}},"loc":{"start":{"line":203,"column":70},"end":{"line":240,"column":1}},"line":203},"15":{"name":"(anonymous_15)","decl":{"start":{"line":242,"column":27},"end":{"line":242,"column":28}},"loc":{"start":{"line":242,"column":44},"end":{"line":267,"column":1}},"line":242},"16":{"name":"(anonymous_16)","decl":{"start":{"line":242,"column":44},"end":{"line":242,"column":45}},"loc":{"start":{"line":242,"column":74},"end":{"line":267,"column":1}},"line":242},"17":{"name":"(anonymous_17)","decl":{"start":{"line":269,"column":27},"end":{"line":269,"column":28}},"loc":{"start":{"line":269,"column":35},"end":{"line":293,"column":1}},"line":269},"18":{"name":"(anonymous_18)","decl":{"start":{"line":269,"column":35},"end":{"line":269,"column":36}},"loc":{"start":{"line":269,"column":65},"end":{"line":293,"column":1}},"line":269},"19":{"name":"(anonymous_19)","decl":{"start":{"line":295,"column":33},"end":{"line":295,"column":34}},"loc":{"start":{"line":295,"column":41},"end":{"line":329,"column":1}},"line":295},"20":{"name":"(anonymous_20)","decl":{"start":{"line":295,"column":41},"end":{"line":295,"column":42}},"loc":{"start":{"line":295,"column":71},"end":{"line":329,"column":1}},"line":295},"21":{"name":"(anonymous_21)","decl":{"start":{"line":331,"column":29},"end":{"line":331,"column":30}},"loc":{"start":{"line":331,"column":37},"end":{"line":365,"column":1}},"line":331},"22":{"name":"(anonymous_22)","decl":{"start":{"line":331,"column":37},"end":{"line":331,"column":38}},"loc":{"start":{"line":331,"column":67},"end":{"line":365,"column":1}},"line":331}},"branchMap":{"0":{"loc":{"start":{"line":30,"column":8},"end":{"line":42,"column":9}},"type":"if","locations":[{"start":{"line":30,"column":8},"end":{"line":42,"column":9}},{"start":{"line":30,"column":8},"end":{"line":42,"column":9}}],"line":30},"1":{"loc":{"start":{"line":46,"column":8},"end":{"line":47,"column":76}},"type":"if","locations":[{"start":{"line":46,"column":8},"end":{"line":47,"column":76}},{"start":{"line":46,"column":8},"end":{"line":47,"column":76}}],"line":46},"2":{"loc":{"start":{"line":46,"column":12},"end":{"line":46,"column":71}},"type":"binary-expr","locations":[{"start":{"line":46,"column":12},"end":{"line":46,"column":42}},{"start":{"line":46,"column":46},"end":{"line":46,"column":71}}],"line":46},"3":{"loc":{"start":{"line":52,"column":23},"end":{"line":52,"column":83}},"type":"cond-expr","locations":[{"start":{"line":52,"column":40},"end":{"line":52,"column":65}},{"start":{"line":52,"column":68},"end":{"line":52,"column":83}}],"line":52},"4":{"loc":{"start":{"line":74,"column":23},"end":{"line":74,"column":83}},"type":"cond-expr","locations":[{"start":{"line":74,"column":40},"end":{"line":74,"column":65}},{"start":{"line":74,"column":68},"end":{"line":74,"column":83}}],"line":74},"5":{"loc":{"start":{"line":88,"column":8},"end":{"line":95,"column":9}},"type":"if","locations":[{"start":{"line":88,"column":8},"end":{"line":95,"column":9}},{"start":{"line":88,"column":8},"end":{"line":95,"column":9}}],"line":88},"6":{"loc":{"start":{"line":100,"column":23},"end":{"line":100,"column":83}},"type":"cond-expr","locations":[{"start":{"line":100,"column":40},"end":{"line":100,"column":65}},{"start":{"line":100,"column":68},"end":{"line":100,"column":83}}],"line":100},"7":{"loc":{"start":{"line":123,"column":8},"end":{"line":125,"column":9}},"type":"if","locations":[{"start":{"line":123,"column":8},"end":{"line":125,"column":9}},{"start":{"line":123,"column":8},"end":{"line":125,"column":9}}],"line":123},"8":{"loc":{"start":{"line":132,"column":23},"end":{"line":132,"column":83}},"type":"cond-expr","locations":[{"start":{"line":132,"column":40},"end":{"line":132,"column":65}},{"start":{"line":132,"column":68},"end":{"line":132,"column":83}}],"line":132},"9":{"loc":{"start":{"line":158,"column":8},"end":{"line":161,"column":9}},"type":"if","locations":[{"start":{"line":158,"column":8},"end":{"line":161,"column":9}},{"start":{"line":158,"column":8},"end":{"line":161,"column":9}}],"line":158},"10":{"loc":{"start":{"line":168,"column":23},"end":{"line":168,"column":83}},"type":"cond-expr","locations":[{"start":{"line":168,"column":40},"end":{"line":168,"column":65}},{"start":{"line":168,"column":68},"end":{"line":168,"column":83}}],"line":168},"11":{"loc":{"start":{"line":187,"column":8},"end":{"line":189,"column":9}},"type":"if","locations":[{"start":{"line":187,"column":8},"end":{"line":189,"column":9}},{"start":{"line":187,"column":8},"end":{"line":189,"column":9}}],"line":187},"12":{"loc":{"start":{"line":196,"column":23},"end":{"line":196,"column":83}},"type":"cond-expr","locations":[{"start":{"line":196,"column":40},"end":{"line":196,"column":65}},{"start":{"line":196,"column":68},"end":{"line":196,"column":83}}],"line":196},"13":{"loc":{"start":{"line":208,"column":8},"end":{"line":229,"column":9}},"type":"if","locations":[{"start":{"line":208,"column":8},"end":{"line":229,"column":9}},{"start":{"line":208,"column":8},"end":{"line":229,"column":9}}],"line":208},"14":{"loc":{"start":{"line":224,"column":12},"end":{"line":228,"column":13}},"type":"if","locations":[{"start":{"line":224,"column":12},"end":{"line":228,"column":13}},{"start":{"line":224,"column":12},"end":{"line":228,"column":13}}],"line":224},"15":{"loc":{"start":{"line":235,"column":23},"end":{"line":235,"column":83}},"type":"cond-expr","locations":[{"start":{"line":235,"column":40},"end":{"line":235,"column":65}},{"start":{"line":235,"column":68},"end":{"line":235,"column":83}}],"line":235},"16":{"loc":{"start":{"line":253,"column":8},"end":{"line":257,"column":9}},"type":"if","locations":[{"start":{"line":253,"column":8},"end":{"line":257,"column":9}},{"start":{"line":253,"column":8},"end":{"line":257,"column":9}}],"line":253},"17":{"loc":{"start":{"line":262,"column":23},"end":{"line":262,"column":83}},"type":"cond-expr","locations":[{"start":{"line":262,"column":40},"end":{"line":262,"column":65}},{"start":{"line":262,"column":68},"end":{"line":262,"column":83}}],"line":262},"18":{"loc":{"start":{"line":279,"column":8},"end":{"line":283,"column":9}},"type":"if","locations":[{"start":{"line":279,"column":8},"end":{"line":283,"column":9}},{"start":{"line":279,"column":8},"end":{"line":283,"column":9}}],"line":279},"19":{"loc":{"start":{"line":288,"column":23},"end":{"line":288,"column":83}},"type":"cond-expr","locations":[{"start":{"line":288,"column":40},"end":{"line":288,"column":65}},{"start":{"line":288,"column":68},"end":{"line":288,"column":83}}],"line":288},"20":{"loc":{"start":{"line":300,"column":8},"end":{"line":319,"column":9}},"type":"if","locations":[{"start":{"line":300,"column":8},"end":{"line":319,"column":9}},{"start":{"line":300,"column":8},"end":{"line":319,"column":9}}],"line":300},"21":{"loc":{"start":{"line":314,"column":12},"end":{"line":318,"column":13}},"type":"if","locations":[{"start":{"line":314,"column":12},"end":{"line":318,"column":13}},{"start":{"line":314,"column":12},"end":{"line":318,"column":13}}],"line":314},"22":{"loc":{"start":{"line":324,"column":23},"end":{"line":324,"column":83}},"type":"cond-expr","locations":[{"start":{"line":324,"column":40},"end":{"line":324,"column":65}},{"start":{"line":324,"column":68},"end":{"line":324,"column":83}}],"line":324},"23":{"loc":{"start":{"line":336,"column":8},"end":{"line":355,"column":9}},"type":"if","locations":[{"start":{"line":336,"column":8},"end":{"line":355,"column":9}},{"start":{"line":336,"column":8},"end":{"line":355,"column":9}}],"line":336},"24":{"loc":{"start":{"line":350,"column":12},"end":{"line":354,"column":13}},"type":"if","locations":[{"start":{"line":350,"column":12},"end":{"line":354,"column":13}},{"start":{"line":350,"column":12},"end":{"line":354,"column":13}}],"line":350},"25":{"loc":{"start":{"line":360,"column":23},"end":{"line":360,"column":83}},"type":"cond-expr","locations":[{"start":{"line":360,"column":40},"end":{"line":360,"column":65}},{"start":{"line":360,"column":68},"end":{"line":360,"column":83}}],"line":360}},"s":{"0":1,"1":0,"2":0,"3":0,"4":0,"5":0,"6":0,"7":0,"8":0,"9":0,"10":0,"11":0,"12":0,"13":0,"14":0,"15":1,"16":0,"17":0,"18":0,"19":0,"20":0,"21":0,"22":0,"23":0,"24":0,"25":1,"26":2,"27":2,"28":2,"29":2,"30":1,"31":1,"32":1,"33":1,"34":1,"35":1,"36":1,"37":1,"38":0,"39":0,"40":0,"41":0,"42":0,"43":0,"44":0,"45":0,"46":0,"47":0,"48":1,"49":0,"50":1,"51":0,"52":0,"53":0,"54":0,"55":0,"56":0,"57":0,"58":0,"59":0,"60":0,"61":0,"62":0,"63":1,"64":0,"65":0,"66":0,"67":0,"68":0,"69":0,"70":0,"71":0,"72":0,"73":0,"74":1,"75":0,"76":0,"77":0,"78":0,"79":0,"80":0,"81":0,"82":0,"83":0,"84":0,"85":0,"86":0,"87":0,"88":1,"89":0,"90":0,"91":0,"92":0,"93":0,"94":0,"95":0,"96":0,"97":0,"98":0,"99":1,"100":0,"101":0,"102":0,"103":0,"104":0,"105":0,"106":0,"107":0,"108":0,"109":0,"110":1,"111":0,"112":0,"113":0,"114":0,"115":0,"116":0,"117":0,"118":0,"119":0,"120":0,"121":0,"122":0,"123":0,"124":0,"125":1,"126":0,"127":0,"128":0,"129":0,"130":0,"131":0,"132":0,"133":0,"134":0,"135":0,"136":0,"137":0,"138":0,"139":0},"f":{"0":0,"1":0,"2":0,"3":0,"4":2,"5":2,"6":0,"7":0,"8":0,"9":0,"10":0,"11":0,"12":0,"13":0,"14":0,"15":0,"16":0,"17":0,"18":0,"19":0,"20":0,"21":0,"22":0},"b":{"0":[0,0],"1":[0,0],"2":[0,0],"3":[0,0],"4":[0,0],"5":[1,0],"6":[1,0],"7":[0,0],"8":[0,0],"9":[0,0],"10":[0,0],"11":[0,0],"12":[0,0],"13":[0,0],"14":[0,0],"15":[0,0],"16":[0,0],"17":[0,0],"18":[0,0],"19":[0,0],"20":[0,0],"21":[0,0],"22":[0,0],"23":[0,0],"24":[0,0],"25":[0,0]},"_coverageSchema":"43e27e138ebf9cfc5966b082cf9a028302ed4184","hash":"3f51444446d316ad02e8a8a8303abbee7314bb89"}
,"D:\\workspace\\Chirpr\\client\\src\\actions\\types.js": {"path":"D:\\workspace\\Chirpr\\client\\src\\actions\\types.js","statementMap":{"0":{"start":{"line":4,"column":21},"end":{"line":4,"column":28}},"1":{"start":{"line":5,"column":22},"end":{"line":5,"column":30}},"2":{"start":{"line":6,"column":24},"end":{"line":6,"column":34}},"3":{"start":{"line":7,"column":32},"end":{"line":7,"column":50}},"4":{"start":{"line":8,"column":30},"end":{"line":8,"column":46}},"5":{"start":{"line":11,"column":26},"end":{"line":11,"column":38}},"6":{"start":{"line":12,"column":29},"end":{"line":12,"column":44}},"7":{"start":{"line":13,"column":31},"end":{"line":13,"column":48}},"8":{"start":{"line":14,"column":31},"end":{"line":14,"column":48}},"9":{"start":{"line":17,"column":28},"end":{"line":17,"column":42}},"10":{"start":{"line":18,"column":26},"end":{"line":18,"column":38}},"11":{"start":{"line":19,"column":28},"end":{"line":19,"column":42}},"12":{"start":{"line":20,"column":28},"end":{"line":20,"column":42}},"13":{"start":{"line":21,"column":30},"end":{"line":21,"column":46}},"14":{"start":{"line":22,"column":30},"end":{"line":22,"column":46}}},"fnMap":{},"branchMap":{},"s":{"0":1,"1":1,"2":1,"3":1,"4":1,"5":1,"6":1,"7":1,"8":1,"9":1,"10":1,"11":1,"12":1,"13":1,"14":1},"f":{},"b":{},"_coverageSchema":"43e27e138ebf9cfc5966b082cf9a028302ed4184","hash":"94eaac1ea7152d05f347650c00ea8a3a9ccdf326"}
,"D:\\workspace\\Chirpr\\client\\src\\components\\HomepageImage.js": {"path":"D:\\workspace\\Chirpr\\client\\src\\components\\HomepageImage.js","statementMap":{"0":{"start":{"line":4,"column":14},"end":{"line":4,"column":68}},"1":{"start":{"line":5,"column":2},"end":{"line":7,"column":3}}},"fnMap":{"0":{"name":"HomepageImage","decl":{"start":{"line":3,"column":9},"end":{"line":3,"column":22}},"loc":{"start":{"line":3,"column":26},"end":{"line":8,"column":1}},"line":3}},"branchMap":{},"s":{"0":2,"1":2},"f":{"0":2},"b":{},"_coverageSchema":"43e27e138ebf9cfc5966b082cf9a028302ed4184","hash":"8806d96cbc7617216643dc66e2a2ba3fbae0cc21"}
,"D:\\workspace\\Chirpr\\client\\src\\components\\index.js": {"path":"D:\\workspace\\Chirpr\\client\\src\\components\\index.js","statementMap":{},"fnMap":{},"branchMap":{},"s":{},"f":{},"b":{},"hash":"52e081d88deb3cfd29eaf88c41d29ecf0c3b3ce7"}
,"D:\\workspace\\Chirpr\\client\\src\\components\\AlertMessage\\AlertMessage.js": {"path":"D:\\workspace\\Chirpr\\client\\src\\components\\AlertMessage\\AlertMessage.js","statementMap":{"0":{"start":{"line":5,"column":21},"end":{"line":40,"column":1}},"1":{"start":{"line":6,"column":19},"end":{"line":6,"column":32}},"2":{"start":{"line":7,"column":64},"end":{"line":7,"column":69}},"3":{"start":{"line":9,"column":2},"end":{"line":39,"column":21}},"4":{"start":{"line":10,"column":6},"end":{"line":22,"column":7}},"5":{"start":{"line":15,"column":12},"end":{"line":15,"column":29}},"6":{"start":{"line":16,"column":12},"end":{"line":16,"column":22}},"7":{"start":{"line":17,"column":12},"end":{"line":17,"column":64}},"8":{"start":{"line":24,"column":9},"end":{"line":39,"column":21}},"9":{"start":{"line":25,"column":6},"end":{"line":37,"column":7}},"10":{"start":{"line":30,"column":12},"end":{"line":30,"column":27}},"11":{"start":{"line":31,"column":12},"end":{"line":31,"column":22}},"12":{"start":{"line":32,"column":12},"end":{"line":32,"column":62}},"13":{"start":{"line":39,"column":9},"end":{"line":39,"column":21}}},"fnMap":{"0":{"name":"(anonymous_0)","decl":{"start":{"line":5,"column":21},"end":{"line":5,"column":22}},"loc":{"start":{"line":5,"column":32},"end":{"line":40,"column":1}},"line":5},"1":{"name":"(anonymous_1)","decl":{"start":{"line":14,"column":19},"end":{"line":14,"column":20}},"loc":{"start":{"line":14,"column":25},"end":{"line":18,"column":11}},"line":14},"2":{"name":"(anonymous_2)","decl":{"start":{"line":29,"column":19},"end":{"line":29,"column":20}},"loc":{"start":{"line":29,"column":25},"end":{"line":33,"column":11}},"line":29}},"branchMap":{"0":{"loc":{"start":{"line":9,"column":2},"end":{"line":39,"column":21}},"type":"if","locations":[{"start":{"line":9,"column":2},"end":{"line":39,"column":21}},{"start":{"line":9,"column":2},"end":{"line":39,"column":21}}],"line":9},"1":{"loc":{"start":{"line":24,"column":9},"end":{"line":39,"column":21}},"type":"if","locations":[{"start":{"line":24,"column":9},"end":{"line":39,"column":21}},{"start":{"line":24,"column":9},"end":{"line":39,"column":21}}],"line":24}},"s":{"0":1,"1":20,"2":20,"3":20,"4":0,"5":0,"6":0,"7":0,"8":20,"9":1,"10":0,"11":0,"12":0,"13":19},"f":{"0":20,"1":0,"2":0},"b":{"0":[0,20],"1":[1,19]},"_coverageSchema":"43e27e138ebf9cfc5966b082cf9a028302ed4184","hash":"3e7c309df6a671f10c6da059d963ca42c19a7f37"}
,"D:\\workspace\\Chirpr\\client\\src\\components\\Buttons\\LoaderButton.js": {"path":"D:\\workspace\\Chirpr\\client\\src\\components\\Buttons\\LoaderButton.js","statementMap":{"0":{"start":{"line":5,"column":21},"end":{"line":21,"column":1}},"1":{"start":{"line":11,"column":2},"end":{"line":20,"column":3}}},"fnMap":{"0":{"name":"(anonymous_0)","decl":{"start":{"line":5,"column":21},"end":{"line":5,"column":22}},"loc":{"start":{"line":10,"column":6},"end":{"line":21,"column":1}},"line":10}},"branchMap":{"0":{"loc":{"start":{"line":7,"column":2},"end":{"line":7,"column":16}},"type":"default-arg","locations":[{"start":{"line":7,"column":14},"end":{"line":7,"column":16}}],"line":7},"1":{"loc":{"start":{"line":8,"column":2},"end":{"line":8,"column":18}},"type":"default-arg","locations":[{"start":{"line":8,"column":13},"end":{"line":8,"column":18}}],"line":8},"2":{"loc":{"start":{"line":14,"column":16},"end":{"line":14,"column":37}},"type":"binary-expr","locations":[{"start":{"line":14,"column":16},"end":{"line":14,"column":24}},{"start":{"line":14,"column":28},"end":{"line":14,"column":37}}],"line":14},"3":{"loc":{"start":{"line":17,"column":7},"end":{"line":17,"column":50}},"type":"binary-expr","locations":[{"start":{"line":17,"column":7},"end":{"line":17,"column":16}},{"start":{"line":17,"column":20},"end":{"line":17,"column":50}}],"line":17}},"s":{"0":1,"1":20},"f":{"0":20},"b":{"0":[20],"1":[0],"2":[20,10],"3":[20,0]},"_coverageSchema":"43e27e138ebf9cfc5966b082cf9a028302ed4184","hash":"cc6960345bc1d98030073e1089e5209c473cb887"}
,"D:\\workspace\\Chirpr\\client\\src\\components\\Chirp\\Chirp.js": {"path":"D:\\workspace\\Chirpr\\client\\src\\components\\Chirp\\Chirp.js","statementMap":{"0":{"start":{"line":20,"column":14},"end":{"line":242,"column":1}},"1":{"start":{"line":21,"column":44},"end":{"line":21,"column":78}},"2":{"start":{"line":22,"column":38},"end":{"line":22,"column":59}},"3":{"start":{"line":23,"column":36},"end":{"line":23,"column":57}},"4":{"start":{"line":24,"column":30},"end":{"line":24,"column":51}},"5":{"start":{"line":25,"column":38},"end":{"line":25,"column":59}},"6":{"start":{"line":26,"column":38},"end":{"line":26,"column":59}},"7":{"start":{"line":27,"column":44},"end":{"line":27,"column":65}},"8":{"start":{"line":28,"column":21},"end":{"line":28,"column":39}},"9":{"start":{"line":29,"column":22},"end":{"line":29,"column":40}},"10":{"start":{"line":31,"column":99},"end":{"line":31,"column":109}},"11":{"start":{"line":33,"column":4},"end":{"line":41,"column":28}},"12":{"start":{"line":34,"column":8},"end":{"line":40,"column":9}},"13":{"start":{"line":35,"column":12},"end":{"line":35,"column":37}},"14":{"start":{"line":36,"column":12},"end":{"line":36,"column":36}},"15":{"start":{"line":39,"column":12},"end":{"line":39,"column":31}},"16":{"start":{"line":44,"column":4},"end":{"line":52,"column":10}},"17":{"start":{"line":45,"column":8},"end":{"line":46,"column":28}},"18":{"start":{"line":45,"column":21},"end":{"line":45,"column":35}},"19":{"start":{"line":46,"column":13},"end":{"line":46,"column":28}},"20":{"start":{"line":47,"column":8},"end":{"line":48,"column":32}},"21":{"start":{"line":47,"column":25},"end":{"line":47,"column":43}},"22":{"start":{"line":48,"column":13},"end":{"line":48,"column":32}},"23":{"start":{"line":49,"column":8},"end":{"line":51,"column":9}},"24":{"start":{"line":50,"column":12},"end":{"line":50,"column":37}},"25":{"start":{"line":54,"column":17},"end":{"line":96,"column":5}},"26":{"start":{"line":55,"column":8},"end":{"line":95,"column":9}},"27":{"start":{"line":56,"column":12},"end":{"line":67,"column":13}},"28":{"start":{"line":61,"column":24},"end":{"line":61,"column":42}},"29":{"start":{"line":62,"column":24},"end":{"line":62,"column":40}},"30":{"start":{"line":69,"column":13},"end":{"line":95,"column":9}},"31":{"start":{"line":70,"column":12},"end":{"line":94,"column":13}},"32":{"start":{"line":76,"column":28},"end":{"line":76,"column":47}},"33":{"start":{"line":77,"column":28},"end":{"line":77,"column":45}},"34":{"start":{"line":86,"column":28},"end":{"line":86,"column":63}},"35":{"start":{"line":87,"column":28},"end":{"line":87,"column":47}},"36":{"start":{"line":88,"column":28},"end":{"line":88,"column":45}},"37":{"start":{"line":98,"column":16},"end":{"line":110,"column":5}},"38":{"start":{"line":99,"column":8},"end":{"line":109,"column":9}},"39":{"start":{"line":100,"column":12},"end":{"line":108,"column":13}},"40":{"start":{"line":104,"column":35},"end":{"line":104,"column":58}},"41":{"start":{"line":112,"column":24},"end":{"line":125,"column":5}},"42":{"start":{"line":113,"column":8},"end":{"line":124,"column":9}},"43":{"start":{"line":114,"column":12},"end":{"line":123,"column":13}},"44":{"start":{"line":119,"column":37},"end":{"line":119,"column":68}},"45":{"start":{"line":127,"column":23},"end":{"line":152,"column":5}},"46":{"start":{"line":128,"column":8},"end":{"line":151,"column":9}},"47":{"start":{"line":129,"column":12},"end":{"line":139,"column":13}},"48":{"start":{"line":131,"column":40},"end":{"line":131,"column":58}},"49":{"start":{"line":132,"column":40},"end":{"line":132,"column":59}},"50":{"start":{"line":133,"column":35},"end":{"line":133,"column":64}},"51":{"start":{"line":141,"column":16},"end":{"line":150,"column":17}},"52":{"start":{"line":143,"column":44},"end":{"line":143,"column":62}},"53":{"start":{"line":144,"column":44},"end":{"line":144,"column":63}},"54":{"start":{"line":145,"column":39},"end":{"line":145,"column":68}},"55":{"start":{"line":154,"column":26},"end":{"line":180,"column":5}},"56":{"start":{"line":155,"column":8},"end":{"line":179,"column":9}},"57":{"start":{"line":156,"column":12},"end":{"line":166,"column":13}},"58":{"start":{"line":158,"column":40},"end":{"line":158,"column":61}},"59":{"start":{"line":159,"column":40},"end":{"line":159,"column":62}},"60":{"start":{"line":160,"column":35},"end":{"line":160,"column":59}},"61":{"start":{"line":168,"column":12},"end":{"line":178,"column":13}},"62":{"start":{"line":170,"column":40},"end":{"line":170,"column":61}},"63":{"start":{"line":171,"column":40},"end":{"line":171,"column":62}},"64":{"start":{"line":172,"column":35},"end":{"line":172,"column":59}},"65":{"start":{"line":182,"column":20},"end":{"line":191,"column":5}},"66":{"start":{"line":183,"column":8},"end":{"line":190,"column":14}},"67":{"start":{"line":193,"column":24},"end":{"line":202,"column":5}},"68":{"start":{"line":194,"column":8},"end":{"line":201,"column":14}},"69":{"start":{"line":204,"column":4},"end":{"line":241,"column":6}}},"fnMap":{"0":{"name":"(anonymous_0)","decl":{"start":{"line":20,"column":14},"end":{"line":20,"column":15}},"loc":{"start":{"line":20,"column":25},"end":{"line":242,"column":1}},"line":20},"1":{"name":"(anonymous_1)","decl":{"start":{"line":33,"column":20},"end":{"line":33,"column":21}},"loc":{"start":{"line":33,"column":26},"end":{"line":41,"column":5}},"line":33},"2":{"name":"(anonymous_2)","decl":{"start":{"line":44,"column":20},"end":{"line":44,"column":21}},"loc":{"start":{"line":44,"column":26},"end":{"line":52,"column":5}},"line":44},"3":{"name":"(anonymous_3)","decl":{"start":{"line":49,"column":15},"end":{"line":49,"column":16}},"loc":{"start":{"line":49,"column":21},"end":{"line":51,"column":9}},"line":49},"4":{"name":"(anonymous_4)","decl":{"start":{"line":54,"column":17},"end":{"line":54,"column":18}},"loc":{"start":{"line":54,"column":23},"end":{"line":96,"column":5}},"line":54},"5":{"name":"(anonymous_5)","decl":{"start":{"line":60,"column":29},"end":{"line":60,"column":30}},"loc":{"start":{"line":60,"column":35},"end":{"line":63,"column":21}},"line":60},"6":{"name":"(anonymous_6)","decl":{"start":{"line":75,"column":33},"end":{"line":75,"column":34}},"loc":{"start":{"line":75,"column":39},"end":{"line":78,"column":25}},"line":75},"7":{"name":"(anonymous_7)","decl":{"start":{"line":85,"column":33},"end":{"line":85,"column":34}},"loc":{"start":{"line":85,"column":39},"end":{"line":89,"column":25}},"line":85},"8":{"name":"(anonymous_8)","decl":{"start":{"line":98,"column":16},"end":{"line":98,"column":17}},"loc":{"start":{"line":98,"column":22},"end":{"line":110,"column":5}},"line":98},"9":{"name":"(anonymous_9)","decl":{"start":{"line":104,"column":29},"end":{"line":104,"column":30}},"loc":{"start":{"line":104,"column":35},"end":{"line":104,"column":58}},"line":104},"10":{"name":"(anonymous_10)","decl":{"start":{"line":112,"column":24},"end":{"line":112,"column":25}},"loc":{"start":{"line":112,"column":30},"end":{"line":125,"column":5}},"line":112},"11":{"name":"(anonymous_11)","decl":{"start":{"line":119,"column":30},"end":{"line":119,"column":31}},"loc":{"start":{"line":119,"column":37},"end":{"line":119,"column":68}},"line":119},"12":{"name":"(anonymous_12)","decl":{"start":{"line":127,"column":23},"end":{"line":127,"column":24}},"loc":{"start":{"line":127,"column":29},"end":{"line":152,"column":5}},"line":127},"13":{"name":"(anonymous_13)","decl":{"start":{"line":131,"column":34},"end":{"line":131,"column":35}},"loc":{"start":{"line":131,"column":40},"end":{"line":131,"column":58}},"line":131},"14":{"name":"(anonymous_14)","decl":{"start":{"line":132,"column":34},"end":{"line":132,"column":35}},"loc":{"start":{"line":132,"column":40},"end":{"line":132,"column":59}},"line":132},"15":{"name":"(anonymous_15)","decl":{"start":{"line":133,"column":29},"end":{"line":133,"column":30}},"loc":{"start":{"line":133,"column":35},"end":{"line":133,"column":64}},"line":133},"16":{"name":"(anonymous_16)","decl":{"start":{"line":143,"column":38},"end":{"line":143,"column":39}},"loc":{"start":{"line":143,"column":44},"end":{"line":143,"column":62}},"line":143},"17":{"name":"(anonymous_17)","decl":{"start":{"line":144,"column":38},"end":{"line":144,"column":39}},"loc":{"start":{"line":144,"column":44},"end":{"line":144,"column":63}},"line":144},"18":{"name":"(anonymous_18)","decl":{"start":{"line":145,"column":33},"end":{"line":145,"column":34}},"loc":{"start":{"line":145,"column":39},"end":{"line":145,"column":68}},"line":145},"19":{"name":"(anonymous_19)","decl":{"start":{"line":154,"column":26},"end":{"line":154,"column":27}},"loc":{"start":{"line":154,"column":32},"end":{"line":180,"column":5}},"line":154},"20":{"name":"(anonymous_20)","decl":{"start":{"line":158,"column":34},"end":{"line":158,"column":35}},"loc":{"start":{"line":158,"column":40},"end":{"line":158,"column":61}},"line":158},"21":{"name":"(anonymous_21)","decl":{"start":{"line":159,"column":34},"end":{"line":159,"column":35}},"loc":{"start":{"line":159,"column":40},"end":{"line":159,"column":62}},"line":159},"22":{"name":"(anonymous_22)","decl":{"start":{"line":160,"column":29},"end":{"line":160,"column":30}},"loc":{"start":{"line":160,"column":35},"end":{"line":160,"column":59}},"line":160},"23":{"name":"(anonymous_23)","decl":{"start":{"line":170,"column":34},"end":{"line":170,"column":35}},"loc":{"start":{"line":170,"column":40},"end":{"line":170,"column":61}},"line":170},"24":{"name":"(anonymous_24)","decl":{"start":{"line":171,"column":34},"end":{"line":171,"column":35}},"loc":{"start":{"line":171,"column":40},"end":{"line":171,"column":62}},"line":171},"25":{"name":"(anonymous_25)","decl":{"start":{"line":172,"column":29},"end":{"line":172,"column":30}},"loc":{"start":{"line":172,"column":35},"end":{"line":172,"column":59}},"line":172},"26":{"name":"(anonymous_26)","decl":{"start":{"line":182,"column":20},"end":{"line":182,"column":21}},"loc":{"start":{"line":182,"column":26},"end":{"line":191,"column":5}},"line":182},"27":{"name":"(anonymous_27)","decl":{"start":{"line":193,"column":24},"end":{"line":193,"column":25}},"loc":{"start":{"line":193,"column":30},"end":{"line":202,"column":5}},"line":193}},"branchMap":{"0":{"loc":{"start":{"line":34,"column":8},"end":{"line":40,"column":9}},"type":"if","locations":[{"start":{"line":34,"column":8},"end":{"line":40,"column":9}},{"start":{"line":34,"column":8},"end":{"line":40,"column":9}}],"line":34},"1":{"loc":{"start":{"line":45,"column":8},"end":{"line":46,"column":28}},"type":"if","locations":[{"start":{"line":45,"column":8},"end":{"line":46,"column":28}},{"start":{"line":45,"column":8},"end":{"line":46,"column":28}}],"line":45},"2":{"loc":{"start":{"line":47,"column":8},"end":{"line":48,"column":32}},"type":"if","locations":[{"start":{"line":47,"column":8},"end":{"line":48,"column":32}},{"start":{"line":47,"column":8},"end":{"line":48,"column":32}}],"line":47},"3":{"loc":{"start":{"line":55,"column":8},"end":{"line":95,"column":9}},"type":"if","locations":[{"start":{"line":55,"column":8},"end":{"line":95,"column":9}},{"start":{"line":55,"column":8},"end":{"line":95,"column":9}}],"line":55},"4":{"loc":{"start":{"line":55,"column":12},"end":{"line":55,"column":33}},"type":"binary-expr","locations":[{"start":{"line":55,"column":12},"end":{"line":55,"column":19}},{"start":{"line":55,"column":23},"end":{"line":55,"column":33}}],"line":55},"5":{"loc":{"start":{"line":69,"column":13},"end":{"line":95,"column":9}},"type":"if","locations":[{"start":{"line":69,"column":13},"end":{"line":95,"column":9}},{"start":{"line":69,"column":13},"end":{"line":95,"column":9}}],"line":69},"6":{"loc":{"start":{"line":69,"column":17},"end":{"line":69,"column":37}},"type":"binary-expr","locations":[{"start":{"line":69,"column":17},"end":{"line":69,"column":24}},{"start":{"line":69,"column":28},"end":{"line":69,"column":37}}],"line":69},"7":{"loc":{"start":{"line":99,"column":8},"end":{"line":109,"column":9}},"type":"if","locations":[{"start":{"line":99,"column":8},"end":{"line":109,"column":9}},{"start":{"line":99,"column":8},"end":{"line":109,"column":9}}],"line":99},"8":{"loc":{"start":{"line":113,"column":8},"end":{"line":124,"column":9}},"type":"if","locations":[{"start":{"line":113,"column":8},"end":{"line":124,"column":9}},{"start":{"line":113,"column":8},"end":{"line":124,"column":9}}],"line":113},"9":{"loc":{"start":{"line":128,"column":8},"end":{"line":151,"column":9}},"type":"if","locations":[{"start":{"line":128,"column":8},"end":{"line":151,"column":9}},{"start":{"line":128,"column":8},"end":{"line":151,"column":9}}],"line":128},"10":{"loc":{"start":{"line":128,"column":12},"end":{"line":128,"column":30}},"type":"binary-expr","locations":[{"start":{"line":128,"column":12},"end":{"line":128,"column":17}},{"start":{"line":128,"column":21},"end":{"line":128,"column":30}}],"line":128},"11":{"loc":{"start":{"line":155,"column":8},"end":{"line":179,"column":9}},"type":"if","locations":[{"start":{"line":155,"column":8},"end":{"line":179,"column":9}},{"start":{"line":155,"column":8},"end":{"line":179,"column":9}}],"line":155},"12":{"loc":{"start":{"line":155,"column":12},"end":{"line":155,"column":37}},"type":"binary-expr","locations":[{"start":{"line":155,"column":12},"end":{"line":155,"column":21}},{"start":{"line":155,"column":25},"end":{"line":155,"column":37}}],"line":155},"13":{"loc":{"start":{"line":164,"column":21},"end":{"line":164,"column":63}},"type":"cond-expr","locations":[{"start":{"line":164,"column":43},"end":{"line":164,"column":58}},{"start":{"line":164,"column":61},"end":{"line":164,"column":63}}],"line":164},"14":{"loc":{"start":{"line":176,"column":21},"end":{"line":176,"column":63}},"type":"cond-expr","locations":[{"start":{"line":176,"column":43},"end":{"line":176,"column":58}},{"start":{"line":176,"column":61},"end":{"line":176,"column":63}}],"line":176},"15":{"loc":{"start":{"line":183,"column":15},"end":{"line":190,"column":14}},"type":"cond-expr","locations":[{"start":{"line":184,"column":12},"end":{"line":189,"column":18}},{"start":{"line":190,"column":12},"end":{"line":190,"column":14}}],"line":183},"16":{"loc":{"start":{"line":194,"column":15},"end":{"line":201,"column":14}},"type":"cond-expr","locations":[{"start":{"line":195,"column":12},"end":{"line":200,"column":18}},{"start":{"line":201,"column":12},"end":{"line":201,"column":14}}],"line":194},"17":{"loc":{"start":{"line":228,"column":44},"end":{"line":228,"column":71}},"type":"cond-expr","locations":[{"start":{"line":228,"column":56},"end":{"line":228,"column":62}},{"start":{"line":228,"column":64},"end":{"line":228,"column":71}}],"line":228}},"s":{"0":0,"1":0,"2":0,"3":0,"4":0,"5":0,"6":0,"7":0,"8":0,"9":0,"10":0,"11":0,"12":0,"13":0,"14":0,"15":0,"16":0,"17":0,"18":0,"19":0,"20":0,"21":0,"22":0,"23":0,"24":0,"25":0,"26":0,"27":0,"28":0,"29":0,"30":0,"31":0,"32":0,"33":0,"34":0,"35":0,"36":0,"37":0,"38":0,"39":0,"40":0,"41":0,"42":0,"43":0,"44":0,"45":0,"46":0,"47":0,"48":0,"49":0,"50":0,"51":0,"52":0,"53":0,"54":0,"55":0,"56":0,"57":0,"58":0,"59":0,"60":0,"61":0,"62":0,"63":0,"64":0,"65":0,"66":0,"67":0,"68":0,"69":0},"f":{"0":0,"1":0,"2":0,"3":0,"4":0,"5":0,"6":0,"7":0,"8":0,"9":0,"10":0,"11":0,"12":0,"13":0,"14":0,"15":0,"16":0,"17":0,"18":0,"19":0,"20":0,"21":0,"22":0,"23":0,"24":0,"25":0,"26":0,"27":0},"b":{"0":[0,0],"1":[0,0],"2":[0,0],"3":[0,0],"4":[0,0],"5":[0,0],"6":[0,0],"7":[0,0],"8":[0,0],"9":[0,0],"10":[0,0],"11":[0,0],"12":[0,0],"13":[0,0],"14":[0,0],"15":[0,0],"16":[0,0],"17":[0,0]},"hash":"37968a28c7856eeb0ba33bfabc1f09267fa03d86"}
,"D:\\workspace\\Chirpr\\client\\src\\components\\ChirpInputForm\\ChirpInputForm.js": {"path":"D:\\workspace\\Chirpr\\client\\src\\components\\ChirpInputForm\\ChirpInputForm.js","statementMap":{"0":{"start":{"line":12,"column":23},"end":{"line":39,"column":1}},"1":{"start":{"line":13,"column":2},"end":{"line":38,"column":3}},"2":{"start":{"line":29,"column":29},"end":{"line":29,"column":63}}},"fnMap":{"0":{"name":"(anonymous_0)","decl":{"start":{"line":12,"column":23},"end":{"line":12,"column":24}},"loc":{"start":{"line":12,"column":34},"end":{"line":39,"column":1}},"line":12},"1":{"name":"(anonymous_1)","decl":{"start":{"line":29,"column":24},"end":{"line":29,"column":25}},"loc":{"start":{"line":29,"column":29},"end":{"line":29,"column":63}},"line":29}},"branchMap":{},"s":{"0":0,"1":0,"2":0},"f":{"0":0,"1":0},"b":{},"hash":"1ee1170a85919e4019b5638bad6de184d48edce9"}
,"D:\\workspace\\Chirpr\\client\\src\\components\\CreateProfile\\CreateProfile.js": {"path":"D:\\workspace\\Chirpr\\client\\src\\components\\CreateProfile\\CreateProfile.js","statementMap":{"0":{"start":{"line":11,"column":22},"end":{"line":100,"column":1}},"1":{"start":{"line":12,"column":34},"end":{"line":12,"column":46}},"2":{"start":{"line":13,"column":32},"end":{"line":13,"column":44}},"3":{"start":{"line":14,"column":34},"end":{"line":14,"column":46}},"4":{"start":{"line":15,"column":24},"end":{"line":15,"column":36}},"5":{"start":{"line":16,"column":24},"end":{"line":16,"column":36}},"6":{"start":{"line":17,"column":36},"end":{"line":17,"column":51}},"7":{"start":{"line":19,"column":19},"end":{"line":19,"column":32}},"8":{"start":{"line":22,"column":4},"end":{"line":28,"column":5}},"9":{"start":{"line":32,"column":4},"end":{"line":32,"column":26}},"10":{"start":{"line":33,"column":4},"end":{"line":33,"column":73}},"11":{"start":{"line":37,"column":4},"end":{"line":92,"column":5}},"12":{"start":{"line":45,"column":33},"end":{"line":45,"column":62}},"13":{"start":{"line":53,"column":33},"end":{"line":53,"column":61}},"14":{"start":{"line":60,"column":33},"end":{"line":60,"column":64}},"15":{"start":{"line":70,"column":33},"end":{"line":70,"column":59}},"16":{"start":{"line":79,"column":33},"end":{"line":79,"column":59}},"17":{"start":{"line":95,"column":2},"end":{"line":99,"column":3}}},"fnMap":{"0":{"name":"(anonymous_0)","decl":{"start":{"line":11,"column":22},"end":{"line":11,"column":23}},"loc":{"start":{"line":11,"column":33},"end":{"line":100,"column":1}},"line":11},"1":{"name":"validateForm","decl":{"start":{"line":21,"column":11},"end":{"line":21,"column":23}},"loc":{"start":{"line":21,"column":27},"end":{"line":29,"column":3}},"line":21},"2":{"name":"handleSubmit","decl":{"start":{"line":31,"column":17},"end":{"line":31,"column":29}},"loc":{"start":{"line":31,"column":38},"end":{"line":34,"column":3}},"line":31},"3":{"name":"renderForm","decl":{"start":{"line":36,"column":11},"end":{"line":36,"column":21}},"loc":{"start":{"line":36,"column":24},"end":{"line":93,"column":3}},"line":36},"4":{"name":"(anonymous_4)","decl":{"start":{"line":45,"column":22},"end":{"line":45,"column":23}},"loc":{"start":{"line":45,"column":33},"end":{"line":45,"column":62}},"line":45},"5":{"name":"(anonymous_5)","decl":{"start":{"line":53,"column":22},"end":{"line":53,"column":23}},"loc":{"start":{"line":53,"column":33},"end":{"line":53,"column":61}},"line":53},"6":{"name":"(anonymous_6)","decl":{"start":{"line":60,"column":22},"end":{"line":60,"column":23}},"loc":{"start":{"line":60,"column":33},"end":{"line":60,"column":64}},"line":60},"7":{"name":"(anonymous_7)","decl":{"start":{"line":70,"column":22},"end":{"line":70,"column":23}},"loc":{"start":{"line":70,"column":33},"end":{"line":70,"column":59}},"line":70},"8":{"name":"(anonymous_8)","decl":{"start":{"line":79,"column":22},"end":{"line":79,"column":23}},"loc":{"start":{"line":79,"column":33},"end":{"line":79,"column":59}},"line":79}},"branchMap":{"0":{"loc":{"start":{"line":23,"column":6},"end":{"line":27,"column":20}},"type":"binary-expr","locations":[{"start":{"line":23,"column":6},"end":{"line":23,"column":27}},{"start":{"line":24,"column":6},"end":{"line":24,"column":26}},{"start":{"line":25,"column":6},"end":{"line":25,"column":25}},{"start":{"line":26,"column":6},"end":{"line":26,"column":22}},{"start":{"line":27,"column":6},"end":{"line":27,"column":20}}],"line":23}},"s":{"0":0,"1":0,"2":0,"3":0,"4":0,"5":0,"6":0,"7":0,"8":0,"9":0,"10":0,"11":0,"12":0,"13":0,"14":0,"15":0,"16":0,"17":0},"f":{"0":0,"1":0,"2":0,"3":0,"4":0,"5":0,"6":0,"7":0,"8":0},"b":{"0":[0,0,0,0,0]},"hash":"a62571e842529436dcbeae8648cbd014596776de"}
,"D:\\workspace\\Chirpr\\client\\src\\components\\FullPageSpinner\\FullPageSpinner.js": {"path":"D:\\workspace\\Chirpr\\client\\src\\components\\FullPageSpinner\\FullPageSpinner.js","statementMap":{"0":{"start":{"line":5,"column":24},"end":{"line":14,"column":1}},"1":{"start":{"line":7,"column":2},"end":{"line":13,"column":3}}},"fnMap":{"0":{"name":"(anonymous_0)","decl":{"start":{"line":5,"column":24},"end":{"line":5,"column":25}},"loc":{"start":{"line":6,"column":6},"end":{"line":14,"column":1}},"line":6}},"branchMap":{},"s":{"0":0,"1":0},"f":{"0":0},"b":{},"hash":"2cef266db4d9ddac4b359f3c8600463bf38e269d"}
,"D:\\workspace\\Chirpr\\client\\src\\components\\LoginAndReg\\Login.js": {"path":"D:\\workspace\\Chirpr\\client\\src\\components\\LoginAndReg\\Login.js","statementMap":{"0":{"start":{"line":12,"column":14},"end":{"line":72,"column":1}},"1":{"start":{"line":13,"column":36},"end":{"line":13,"column":51}},"2":{"start":{"line":14,"column":28},"end":{"line":14,"column":40}},"3":{"start":{"line":15,"column":34},"end":{"line":15,"column":46}},"4":{"start":{"line":16,"column":28},"end":{"line":16,"column":40}},"5":{"start":{"line":17,"column":32},"end":{"line":17,"column":53}},"6":{"start":{"line":18,"column":24},"end":{"line":18,"column":42}},"7":{"start":{"line":19,"column":28},"end":{"line":19,"column":63}},"8":{"start":{"line":19,"column":49},"end":{"line":19,"column":62}},"9":{"start":{"line":21,"column":2},"end":{"line":26,"column":8}},"10":{"start":{"line":22,"column":4},"end":{"line":25,"column":5}},"11":{"start":{"line":23,"column":6},"end":{"line":23,"column":33}},"12":{"start":{"line":24,"column":6},"end":{"line":24,"column":21}},"13":{"start":{"line":29,"column":4},"end":{"line":29,"column":50}},"14":{"start":{"line":32,"column":23},"end":{"line":36,"column":3}},"15":{"start":{"line":33,"column":4},"end":{"line":33,"column":26}},"16":{"start":{"line":35,"column":4},"end":{"line":35,"column":33}},"17":{"start":{"line":38,"column":2},"end":{"line":71,"column":3}},"18":{"start":{"line":55,"column":27},"end":{"line":55,"column":51}},"19":{"start":{"line":62,"column":27},"end":{"line":62,"column":54}}},"fnMap":{"0":{"name":"(anonymous_0)","decl":{"start":{"line":12,"column":14},"end":{"line":12,"column":15}},"loc":{"start":{"line":12,"column":25},"end":{"line":72,"column":1}},"line":12},"1":{"name":"(anonymous_1)","decl":{"start":{"line":19,"column":40},"end":{"line":19,"column":41}},"loc":{"start":{"line":19,"column":49},"end":{"line":19,"column":62}},"line":19},"2":{"name":"(anonymous_2)","decl":{"start":{"line":21,"column":12},"end":{"line":21,"column":13}},"loc":{"start":{"line":21,"column":18},"end":{"line":26,"column":3}},"line":21},"3":{"name":"validateForm","decl":{"start":{"line":28,"column":11},"end":{"line":28,"column":23}},"loc":{"start":{"line":28,"column":32},"end":{"line":30,"column":3}},"line":28},"4":{"name":"(anonymous_4)","decl":{"start":{"line":32,"column":23},"end":{"line":32,"column":24}},"loc":{"start":{"line":32,"column":34},"end":{"line":36,"column":3}},"line":32},"5":{"name":"(anonymous_5)","decl":{"start":{"line":55,"column":22},"end":{"line":55,"column":23}},"loc":{"start":{"line":55,"column":27},"end":{"line":55,"column":51}},"line":55},"6":{"name":"(anonymous_6)","decl":{"start":{"line":62,"column":22},"end":{"line":62,"column":23}},"loc":{"start":{"line":62,"column":27},"end":{"line":62,"column":54}},"line":62}},"branchMap":{"0":{"loc":{"start":{"line":22,"column":4},"end":{"line":25,"column":5}},"type":"if","locations":[{"start":{"line":22,"column":4},"end":{"line":25,"column":5}},{"start":{"line":22,"column":4},"end":{"line":25,"column":5}}],"line":22},"1":{"loc":{"start":{"line":22,"column":8},"end":{"line":22,"column":44}},"type":"binary-expr","locations":[{"start":{"line":22,"column":8},"end":{"line":22,"column":21}},{"start":{"line":22,"column":25},"end":{"line":22,"column":44}}],"line":22},"2":{"loc":{"start":{"line":29,"column":11},"end":{"line":29,"column":50}},"type":"binary-expr","locations":[{"start":{"line":29,"column":11},"end":{"line":29,"column":27}},{"start":{"line":29,"column":31},"end":{"line":29,"column":50}}],"line":29}},"s":{"0":0,"1":0,"2":0,"3":0,"4":0,"5":0,"6":0,"7":0,"8":0,"9":0,"10":0,"11":0,"12":0,"13":0,"14":0,"15":0,"16":0,"17":0,"18":0,"19":0},"f":{"0":0,"1":0,"2":0,"3":0,"4":0,"5":0,"6":0},"b":{"0":[0,0],"1":[0,0],"2":[0,0]},"hash":"dbe10beb2c8c95363eeca853fd02eed431ef23bc"}
,"D:\\workspace\\Chirpr\\client\\src\\components\\LoginAndReg\\Registration.js": {"path":"D:\\workspace\\Chirpr\\client\\src\\components\\LoginAndReg\\Registration.js","statementMap":{"0":{"start":{"line":15,"column":21},"end":{"line":100,"column":1}},"1":{"start":{"line":16,"column":28},"end":{"line":16,"column":40}},"2":{"start":{"line":17,"column":36},"end":{"line":17,"column":48}},"3":{"start":{"line":18,"column":36},"end":{"line":18,"column":48}},"4":{"start":{"line":19,"column":36},"end":{"line":19,"column":51}},"5":{"start":{"line":20,"column":28},"end":{"line":20,"column":40}},"6":{"start":{"line":21,"column":32},"end":{"line":21,"column":53}},"7":{"start":{"line":22,"column":24},"end":{"line":22,"column":42}},"8":{"start":{"line":23,"column":28},"end":{"line":23,"column":63}},"9":{"start":{"line":23,"column":49},"end":{"line":23,"column":62}},"10":{"start":{"line":25,"column":2},"end":{"line":30,"column":8}},"11":{"start":{"line":26,"column":4},"end":{"line":29,"column":5}},"12":{"start":{"line":27,"column":6},"end":{"line":27,"column":33}},"13":{"start":{"line":28,"column":6},"end":{"line":28,"column":21}},"14":{"start":{"line":33,"column":4},"end":{"line":37,"column":5}},"15":{"start":{"line":41,"column":4},"end":{"line":41,"column":26}},"16":{"start":{"line":43,"column":4},"end":{"line":43,"column":37}},"17":{"start":{"line":47,"column":4},"end":{"line":92,"column":5}},"18":{"start":{"line":63,"column":33},"end":{"line":63,"column":61}},"19":{"start":{"line":71,"column":33},"end":{"line":71,"column":65}},"20":{"start":{"line":78,"column":33},"end":{"line":78,"column":65}},"21":{"start":{"line":95,"column":2},"end":{"line":99,"column":3}}},"fnMap":{"0":{"name":"(anonymous_0)","decl":{"start":{"line":15,"column":21},"end":{"line":15,"column":22}},"loc":{"start":{"line":15,"column":32},"end":{"line":100,"column":1}},"line":15},"1":{"name":"(anonymous_1)","decl":{"start":{"line":23,"column":40},"end":{"line":23,"column":41}},"loc":{"start":{"line":23,"column":49},"end":{"line":23,"column":62}},"line":23},"2":{"name":"(anonymous_2)","decl":{"start":{"line":25,"column":12},"end":{"line":25,"column":13}},"loc":{"start":{"line":25,"column":18},"end":{"line":30,"column":3}},"line":25},"3":{"name":"validateForm","decl":{"start":{"line":32,"column":11},"end":{"line":32,"column":23}},"loc":{"start":{"line":32,"column":27},"end":{"line":38,"column":3}},"line":32},"4":{"name":"handleSubmit","decl":{"start":{"line":40,"column":11},"end":{"line":40,"column":23}},"loc":{"start":{"line":40,"column":32},"end":{"line":44,"column":3}},"line":40},"5":{"name":"renderForm","decl":{"start":{"line":46,"column":11},"end":{"line":46,"column":21}},"loc":{"start":{"line":46,"column":25},"end":{"line":93,"column":3}},"line":46},"6":{"name":"(anonymous_6)","decl":{"start":{"line":63,"column":22},"end":{"line":63,"column":23}},"loc":{"start":{"line":63,"column":33},"end":{"line":63,"column":61}},"line":63},"7":{"name":"(anonymous_7)","decl":{"start":{"line":71,"column":22},"end":{"line":71,"column":23}},"loc":{"start":{"line":71,"column":33},"end":{"line":71,"column":65}},"line":71},"8":{"name":"(anonymous_8)","decl":{"start":{"line":78,"column":22},"end":{"line":78,"column":23}},"loc":{"start":{"line":78,"column":33},"end":{"line":78,"column":65}},"line":78}},"branchMap":{"0":{"loc":{"start":{"line":26,"column":4},"end":{"line":29,"column":5}},"type":"if","locations":[{"start":{"line":26,"column":4},"end":{"line":29,"column":5}},{"start":{"line":26,"column":4},"end":{"line":29,"column":5}}],"line":26},"1":{"loc":{"start":{"line":26,"column":8},"end":{"line":26,"column":44}},"type":"binary-expr","locations":[{"start":{"line":26,"column":8},"end":{"line":26,"column":21}},{"start":{"line":26,"column":25},"end":{"line":26,"column":44}}],"line":26},"2":{"loc":{"start":{"line":34,"column":6},"end":{"line":36,"column":29}},"type":"binary-expr","locations":[{"start":{"line":34,"column":6},"end":{"line":34,"column":22}},{"start":{"line":35,"column":6},"end":{"line":35,"column":26}},{"start":{"line":36,"column":6},"end":{"line":36,"column":29}}],"line":34}},"s":{"0":1,"1":20,"2":20,"3":20,"4":20,"5":20,"6":20,"7":20,"8":20,"9":33,"10":20,"11":3,"12":1,"13":1,"14":20,"15":2,"16":2,"17":20,"18":2,"19":2,"20":2,"21":20},"f":{"0":20,"1":33,"2":3,"3":20,"4":2,"5":20,"6":2,"7":2,"8":2},"b":{"0":[1,2],"1":[3,1],"2":[20,14,12]},"_coverageSchema":"43e27e138ebf9cfc5966b082cf9a028302ed4184","hash":"351f9bc438ea0daeeb1e5508340ab736877fbfa1"}
,"D:\\workspace\\Chirpr\\client\\src\\components\\Navigation\\Navigation.js": {"path":"D:\\workspace\\Chirpr\\client\\src\\components\\Navigation\\Navigation.js","statementMap":{"0":{"start":{"line":5,"column":19},"end":{"line":44,"column":1}},"1":{"start":{"line":7,"column":27},"end":{"line":37,"column":3}},"2":{"start":{"line":9,"column":4},"end":{"line":23,"column":5}},"3":{"start":{"line":10,"column":6},"end":{"line":22,"column":7}},"4":{"start":{"line":25,"column":4},"end":{"line":36,"column":5}},"5":{"start":{"line":39,"column":2},"end":{"line":43,"column":3}}},"fnMap":{"0":{"name":"(anonymous_0)","decl":{"start":{"line":5,"column":19},"end":{"line":5,"column":20}},"loc":{"start":{"line":5,"column":30},"end":{"line":44,"column":1}},"line":5},"1":{"name":"(anonymous_1)","decl":{"start":{"line":7,"column":27},"end":{"line":7,"column":28}},"loc":{"start":{"line":7,"column":39},"end":{"line":37,"column":3}},"line":7}},"branchMap":{"0":{"loc":{"start":{"line":9,"column":4},"end":{"line":23,"column":5}},"type":"if","locations":[{"start":{"line":9,"column":4},"end":{"line":23,"column":5}},{"start":{"line":9,"column":4},"end":{"line":23,"column":5}}],"line":9}},"s":{"0":0,"1":0,"2":0,"3":0,"4":0,"5":0},"f":{"0":0,"1":0},"b":{"0":[0,0]},"hash":"3d5912f3114967eda25ca1b2883a63601153a22f"}
,"D:\\workspace\\Chirpr\\client\\src\\components\\PrivateRoute\\PrivateRoute.js": {"path":"D:\\workspace\\Chirpr\\client\\src\\components\\PrivateRoute\\PrivateRoute.js","statementMap":{"0":{"start":{"line":7,"column":2},"end":{"line":23,"column":4}},"1":{"start":{"line":11,"column":8},"end":{"line":20,"column":9}}},"fnMap":{"0":{"name":"PrivateRoute","decl":{"start":{"line":6,"column":9},"end":{"line":6,"column":21}},"loc":{"start":{"line":6,"column":53},"end":{"line":24,"column":3}},"line":6},"1":{"name":"(anonymous_1)","decl":{"start":{"line":10,"column":14},"end":{"line":10,"column":15}},"loc":{"start":{"line":11,"column":8},"end":{"line":20,"column":9}},"line":11}},"branchMap":{"0":{"loc":{"start":{"line":11,"column":8},"end":{"line":20,"column":9}},"type":"cond-expr","locations":[{"start":{"line":12,"column":10},"end":{"line":12,"column":18}},{"start":{"line":14,"column":10},"end":{"line":19,"column":12}}],"line":11}},"s":{"0":0,"1":0},"f":{"0":0,"1":0},"b":{"0":[0,0]},"hash":"c81c4e0e8c270eb2b71f47f2fb8bf3dc0c041c5b"}
,"D:\\workspace\\Chirpr\\client\\src\\components\\chirpCard\\profileCard.js": {"path":"D:\\workspace\\Chirpr\\client\\src\\components\\chirpCard\\profileCard.js","statementMap":{"0":{"start":{"line":7,"column":4},"end":{"line":15,"column":6}},"1":{"start":{"line":19,"column":4},"end":{"line":26,"column":6}},"2":{"start":{"line":30,"column":4},"end":{"line":35,"column":6}},"3":{"start":{"line":39,"column":4},"end":{"line":56,"column":6}},"4":{"start":{"line":60,"column":4},"end":{"line":65,"column":6}},"5":{"start":{"line":69,"column":4},"end":{"line":74,"column":6}},"6":{"start":{"line":78,"column":13},"end":{"line":86,"column":1}},"7":{"start":{"line":88,"column":0},"end":{"line":91,"column":4}}},"fnMap":{"0":{"name":"Bio","decl":{"start":{"line":6,"column":9},"end":{"line":6,"column":12}},"loc":{"start":{"line":6,"column":20},"end":{"line":16,"column":1}},"line":6},"1":{"name":"Avatar","decl":{"start":{"line":18,"column":9},"end":{"line":18,"column":15}},"loc":{"start":{"line":18,"column":23},"end":{"line":27,"column":1}},"line":18},"2":{"name":"Header","decl":{"start":{"line":29,"column":9},"end":{"line":29,"column":15}},"loc":{"start":{"line":29,"column":23},"end":{"line":36,"column":1}},"line":29},"3":{"name":"Data","decl":{"start":{"line":38,"column":9},"end":{"line":38,"column":13}},"loc":{"start":{"line":38,"column":21},"end":{"line":57,"column":1}},"line":38},"4":{"name":"Content","decl":{"start":{"line":59,"column":9},"end":{"line":59,"column":16}},"loc":{"start":{"line":59,"column":24},"end":{"line":66,"column":1}},"line":59},"5":{"name":"Card","decl":{"start":{"line":68,"column":9},"end":{"line":68,"column":13}},"loc":{"start":{"line":68,"column":16},"end":{"line":75,"column":1}},"line":68}},"branchMap":{},"s":{"0":0,"1":0,"2":0,"3":0,"4":0,"5":0,"6":0,"7":0},"f":{"0":0,"1":0,"2":0,"3":0,"4":0,"5":0},"b":{},"hash":"4a1b566c27d0fcd2685540a3c953d2c8129882ee"}
,"D:\\workspace\\Chirpr\\client\\src\\components\\common\\index.js": {"path":"D:\\workspace\\Chirpr\\client\\src\\components\\common\\index.js","statementMap":{},"fnMap":{},"branchMap":{},"s":{},"f":{},"b":{},"hash":"231781dd70ef70c5284b3317a6815c68a585c400"}
,"D:\\workspace\\Chirpr\\client\\src\\components\\profileCard\\profileCard.js": {"path":"D:\\workspace\\Chirpr\\client\\src\\components\\profileCard\\profileCard.js","statementMap":{"0":{"start":{"line":6,"column":4},"end":{"line":14,"column":6}},"1":{"start":{"line":18,"column":4},"end":{"line":25,"column":6}},"2":{"start":{"line":29,"column":4},"end":{"line":34,"column":6}},"3":{"start":{"line":38,"column":4},"end":{"line":55,"column":6}},"4":{"start":{"line":59,"column":4},"end":{"line":64,"column":6}},"5":{"start":{"line":68,"column":4},"end":{"line":68,"column":22}},"6":{"start":{"line":69,"column":4},"end":{"line":74,"column":6}}},"fnMap":{"0":{"name":"Bio","decl":{"start":{"line":5,"column":9},"end":{"line":5,"column":12}},"loc":{"start":{"line":5,"column":20},"end":{"line":15,"column":1}},"line":5},"1":{"name":"Avatar","decl":{"start":{"line":17,"column":9},"end":{"line":17,"column":15}},"loc":{"start":{"line":17,"column":23},"end":{"line":26,"column":1}},"line":17},"2":{"name":"Header","decl":{"start":{"line":28,"column":9},"end":{"line":28,"column":15}},"loc":{"start":{"line":28,"column":23},"end":{"line":35,"column":1}},"line":28},"3":{"name":"Data","decl":{"start":{"line":37,"column":9},"end":{"line":37,"column":13}},"loc":{"start":{"line":37,"column":21},"end":{"line":56,"column":1}},"line":37},"4":{"name":"Content","decl":{"start":{"line":58,"column":9},"end":{"line":58,"column":16}},"loc":{"start":{"line":58,"column":24},"end":{"line":65,"column":1}},"line":58},"5":{"name":"Card","decl":{"start":{"line":67,"column":9},"end":{"line":67,"column":13}},"loc":{"start":{"line":67,"column":21},"end":{"line":75,"column":1}},"line":67}},"branchMap":{},"s":{"0":0,"1":0,"2":0,"3":0,"4":0,"5":0,"6":0},"f":{"0":0,"1":0,"2":0,"3":0,"4":0,"5":0},"b":{},"hash":"77434b8d7d9f331168c9c0c0c8c1994e9b902dce"}
,"D:\\workspace\\Chirpr\\client\\src\\docs\\lcov-report\\block-navigation.js": {"path":"D:\\workspace\\Chirpr\\client\\src\\docs\\lcov-report\\block-navigation.js","statementMap":{"0":{"start":{"line":2,"column":17},"end":{"line":78,"column":4}},"1":{"start":{"line":4,"column":33},"end":{"line":4,"column":74}},"2":{"start":{"line":7,"column":30},"end":{"line":7,"column":44}},"3":{"start":{"line":10,"column":22},"end":{"line":10,"column":78}},"4":{"start":{"line":14,"column":8},"end":{"line":17,"column":55}},"5":{"start":{"line":20,"column":34},"end":{"line":20,"column":69}},"6":{"start":{"line":25,"column":8},"end":{"line":27,"column":45}},"7":{"start":{"line":28,"column":8},"end":{"line":28,"column":73}},"8":{"start":{"line":32,"column":8},"end":{"line":32,"column":27}},"9":{"start":{"line":33,"column":8},"end":{"line":33,"column":29}},"10":{"start":{"line":34,"column":8},"end":{"line":38,"column":11}},"11":{"start":{"line":42,"column":24},"end":{"line":42,"column":25}},"12":{"start":{"line":43,"column":8},"end":{"line":47,"column":9}},"13":{"start":{"line":44,"column":12},"end":{"line":44,"column":59}},"14":{"start":{"line":45,"column":15},"end":{"line":47,"column":9}},"15":{"start":{"line":46,"column":12},"end":{"line":46,"column":41}},"16":{"start":{"line":49,"column":8},"end":{"line":49,"column":31}},"17":{"start":{"line":53,"column":24},"end":{"line":53,"column":25}},"18":{"start":{"line":55,"column":8},"end":{"line":60,"column":9}},"19":{"start":{"line":59,"column":12},"end":{"line":59,"column":41}},"20":{"start":{"line":62,"column":8},"end":{"line":62,"column":31}},"21":{"start":{"line":65,"column":4},"end":{"line":77,"column":6}},"22":{"start":{"line":66,"column":8},"end":{"line":76,"column":9}},"23":{"start":{"line":69,"column":16},"end":{"line":69,"column":27}},"24":{"start":{"line":70,"column":16},"end":{"line":70,"column":22}},"25":{"start":{"line":74,"column":16},"end":{"line":74,"column":31}},"26":{"start":{"line":75,"column":16},"end":{"line":75,"column":22}},"27":{"start":{"line":79,"column":0},"end":{"line":79,"column":47}}},"fnMap":{"0":{"name":"init","decl":{"start":{"line":2,"column":27},"end":{"line":2,"column":31}},"loc":{"start":{"line":2,"column":34},"end":{"line":78,"column":1}},"line":2},"1":{"name":"toggleClass","decl":{"start":{"line":24,"column":13},"end":{"line":24,"column":24}},"loc":{"start":{"line":24,"column":32},"end":{"line":29,"column":5}},"line":24},"2":{"name":"makeCurrent","decl":{"start":{"line":31,"column":13},"end":{"line":31,"column":24}},"loc":{"start":{"line":31,"column":32},"end":{"line":39,"column":5}},"line":31},"3":{"name":"goToPrevious","decl":{"start":{"line":41,"column":13},"end":{"line":41,"column":25}},"loc":{"start":{"line":41,"column":28},"end":{"line":50,"column":5}},"line":41},"4":{"name":"goToNext","decl":{"start":{"line":52,"column":13},"end":{"line":52,"column":21}},"loc":{"start":{"line":52,"column":24},"end":{"line":63,"column":5}},"line":52},"5":{"name":"jump","decl":{"start":{"line":65,"column":20},"end":{"line":65,"column":24}},"loc":{"start":{
[...]
,"D:\\workspace\\Chirpr\\client\\src\\pages\\ErrorPage\\ErrorPage.js": {"path":"D:\\workspace\\Chirpr\\client\\src\\pages\\ErrorPage\\ErrorPage.js","statementMap":{"0":{"start":{"line":5,"column":4},"end":{"line":9,"column":5}}},"fnMap":{"0":{"name":"(anonymous_0)","decl":{"start":{"line":4,"column":2},"end":{"line":4,"column":3}},"loc":{"start":{"line":4,"column":12},"end":{"line":10,"column":3}},"line":4}},"branchMap":{},"s":{"0":0},"f":{"0":0},"b":{},"hash":"a2ade13351f5d0d405e9ba0915bd72c21b465886"}
,"D:\\workspace\\Chirpr\\client\\src\\pages\\Feed\\Feed.js": {"path":"D:\\workspace\\Chirpr\\client\\src\\pages\\Feed\\Feed.js","statementMap":{"0":{"start":{"line":26,"column":14},"end":{"line":239,"column":1}},"1":{"start":{"line":27,"column":46},"end":{"line":27,"column":58}},"2":{"start":{"line":28,"column":32},"end":{"line":28,"column":47}},"3":{"start":{"line":29,"column":32},"end":{"line":29,"column":47}},"4":{"start":{"line":30,"column":34},"end":{"line":30,"column":49}},"5":{"start":{"line":34,"column":32},"end":{"line":34,"column":47}},"6":{"start":{"line":35,"column":28},"end":{"line":35,"column":43}},"7":{"start":{"line":36,"column":24},"end":{"line":36,"column":36}},"8":{"start":{"line":38,"column":18},"end":{"line":38,"column":58}},"9":{"start":{"line":38,"column":39},"end":{"line":38,"column":57}},"10":{"start":{"line":39,"column":17},"end":{"line":39,"column":51}},"11":{"start":{"line":39,"column":38},"end":{"line":39,"column":50}},"12":{"start":{"line":40,"column":24},"end":{"line":40,"column":73}},"13":{"start":{"line":40,"column":45},"end":{"line":40,"column":72}},"14":{"start":{"line":41,"column":26},"end":{"line":41,"column":77}},"15":{"start":{"line":41,"column":47},"end":{"line":41,"column":76}},"16":{"start":{"line":43,"column":2},"end":{"line":53,"column":38}},"17":{"start":{"line":44,"column":4},"end":{"line":48,"column":5}},"18":{"start":{"line":45,"column":6},"end":{"line":45,"column":34}},"19":{"start":{"line":46,"column":6},"end":{"line":46,"column":21}},"20":{"start":{"line":47,"column":6},"end":{"line":47,"column":28}},"21":{"start":{"line":49,"column":4},"end":{"line":52,"column":5}},"22":{"start":{"line":50,"column":6},"end":{"line":50,"column":34}},"23":{"start":{"line":51,"column":6},"end":{"line":51,"column":23}},"24":{"start":{"line":55,"column":2},"end":{"line":64,"column":15}},"25":{"start":{"line":56,"column":4},"end":{"line":56,"column":50}},"26":{"start":{"line":56,"column":33},"end":{"line":56,"column":50}},"27":{"start":{"line":57,"column":4},"end":{"line":60,"column":5}},"28":{"start":{"line":58,"column":6},"end":{"line":58,"column":24}},"29":{"start":{"line":59,"column":6},"end":{"line":59,"column":24}},"30":{"start":{"line":61,"column":4},"end":{"line":63,"column":5}},"31":{"start":{"line":62,"column":6},"end":{"line":62,"column":23}},"32":{"start":{"line":66,"column":21},"end":{"line":68,"column":3}},"33":{"start":{"line":67,"column":4},"end":{"line":67,"column":38}},"34":{"start":{"line":70,"column":21},"end":{"line":72,"column":3}},"35":{"start":{"line":71,"column":4},"end":{"line":71,"column":40}},"36":{"start":{"line":74,"column":23},"end":{"line":76,"column":3}},"37":{"start":{"line":75,"column":4},"end":{"line":75,"column":26}},"38":{"start":{"line":78,"column":29},"end":{"line":80,"column":3}},"39":{"start":{"line":79,"column":6},"end":{"line":79,"column":34}},"40":{"start":{"line":82,"column":24},"end":{"line":84,"column":3}},"41":{"start":{"line":83,"column":4},"end":{"line":83,"column":28}},"42":{"start":{"line":86,"column":27},"end":{"line":88,"column":3}},"43":{"start":{"line":87,"column":4},"end":{"line":87,"column":24}},"44":{"start":{"line":90,"column":23},"end":{"line":138,"column":3}},"45":{"start":{"line":92,"column":4},"end":{"line":132,"column":7}},"46":{"start":{"line":93,"column":6},"end":{"line":131,"column":10}},"47":{"start":{"line":94,"column":8},"end":{"line":130,"column":11}},"48":{"start":{"line":95,"column":110},"end":{"line":95,"column":115}},"49":{"start":{"line":96,"column":20},"end":{"line":96,"column":30}},"50":{"start":{"line":97,"column":21},"end":{"line":97,"column":48}},"51":{"start":{"line":98,"column":10},"end":{"line":98,"column":41}},"52":{"start":{"line":99,"column":10},"end":{"line":111,"column":11}},"53":{"start":{"line":99,"column":25},"end":{"line":99,"column":53}},"54":{"start":{"line":100,"column":15},"end":{"line":111,"column":11}},"55":{"start":{"line":101,"column":12},"end":{"line":101,"column":40}},"56":{"start":{"line":102,"column":12},"end":{"line":102,"column":40}},"57":{"start":{"line":104,"column":15},"end":{"line":111,"column":11}},"58":{"start":{"line":105,"column":12},"end":{"line":105,"column":42}},"59":{"start":{"line":106,"column":12},"end":{"line":106,"column":40}},"60":{"start":{"line":109,"column":12},"end":{"line":109,"column":48}},"61":{"start":{"line":110,"column":12},"end":{"line":110,"column":40}},"62":{"start":{"line":112,"column":23},"end":{"line":112,"column":109}},"63":{"start":{"line":113,"column":10},"end":{"line":125,"column":11}},"64":{"start":{"line":127,"column":10},"end":{"line":129,"column":13}},"65":{"start":{"line":133,"column":4},"end":{"line":137,"column":5}},"66":{"start":{"line":140,"column":2},"end":{"line":238,"column":3}}},"fnMap":{"0":{"name":"(anonymous_0)","decl":{"start":{"line":26,"column":14},"end":{"line":26,"column":15}},"loc":{"start":{"line":26,"column":25},"end":{"line":239,"column":1}},"line":26},"1":{"name":"(anonymous_1)","decl":{"start":{"line":38,"column":30},"end":{"line":38,"column":31}},"loc":{"start":{"line":38,"column":39},"end":{"line":38,"column":57}},"line":38},"2":{"name":"(anonymous_2)","decl":{"start":{"line":39,"column":29},"end":{"line":39,"column":30}},"loc":{"start":{"line":39,"column":38},"end":{"line":39,"column":50}},"line":39},"3":{"name":"(anonymous_3)","decl":{"start":{"line":40,"column":36},"end":{"line":40,"column":37}},"loc":{"start":{"line":40,"column":45},"end":{"line":40,"column":72}},"line":40},"4":{"name":"(anonymous_4)","decl":{"start":{"line":41,"column":38},"end":{"line":41,"column":39}},"loc":{"start":{"line":41,"column":47},"end":{"line":41,"column":76}},"line":41},"5":{"name":"(anonymous_5)","decl":{"start":{"line":43,"column":12},"end":{"line":43,"column":13}},"loc":{"start":{"line":43,"column":18},"end":{"line":53,"column":3}},"line":43},"6":{"name":"(anonymous_6)","decl":{"start":{"line":55,"column":12},"end":{"line":55,"column":13}},"loc":{"start":{"line":55,"column":18},"end":{"line":64,"column":3}},"line":55},"7":{"name":"(anonymous_7)","decl":{"start":{"line":61,"column":11},"end":{"line":61,"column":12}},"loc":{"start":{"line":61,"column":17},"end":{"line":63,"column":5}},"line":61},"8":{"name":"(anonymous_8)","decl":{"start":{"line":66,"column":21},"end":{"line":66,"column":22}},"loc":{"start":{"line":66,"column":27},"end":{"line":68,"column":3}},"line":66},"9":{"name":"(anonymous_9)","decl":{"start":{"line":70,"column":21},"end":{"line":70,"column":22}},"loc":{"start":{"line":70,"column":43},"end":{"line":72,"column":3}},"line":70},"10":{"name":"(anonymous_10)","decl":{"start":{"line":74,"column":23},"end":{"line":74,"column":24}},"loc":{"start":{"line":74,"column":31},"end":{"line":76,"column":3}},"line":74},"11":{"name":"(anonymous_11)","decl":{"start":{"line":78,"column":29},"end":{"line":78,"column":30}},"loc":{"start":{"line":78,"column":37},"end":{"line":80,"column":3}},"line":78},"12":{"name":"(anonymous_12)","decl":{"start":{"line":82,"column":24},"end":{"line":82,"column":25}},"loc":{"start":{"line":82,"column":32},"end":{"line":84,"column":3}},"line":82},"13":{"name":"(anonymous_13)","decl":{"start":{"line":86,"column":27},"end":{"line":86,"column":28}},"loc":{"start":{"line":86,"column":33},"end":{"line":88,"column":3}},"line":86},"14":{"name":"(anonymous_14)","decl":{"start":{"line":90,"column":23},"end":{"line":90,"column":24}},"loc":{"start":{"line":90,"column":29},"end":{"line":138,"column":3}},"line":90},"15":{"name":"(anonymous_15)","decl":{"start":{"line":93,"column":33},"end":{"line":93,"column":34}},"loc":{"start":{"line":93,"column":42},"end":{"line":131,"column":9}},"line":93}},"branchMap":{"0":{"loc":{"start":{"line":44,"column":4},"end":{"line":48,"column":5}},"type":"if","locations":[{"start":{"line":44,"column":4},"end":{"line":48,"column":5}},{"start":{"line":44,"column":4},"end":{"line":48,"column":5}}],"line":44},"1":{"loc":{"start":{"line":44,"column":8},"end":{"line":44,"column":44}},"type":"binary-expr","locations":[{"start":{"line":44,"column":8},"end":{"line":44,"column":21}},{"start":{"line":44,"column":25},"end":{"line":44,"column":44}}],"line":44},"2":{"loc":{"start":{"line":49,"column":4},"end":{"line":52,"column":5}},"type":"if","locations":[{"start":{"line":49,"column":4},"end":{"line":52,"column":5}},{"start":{"line":49,"column":4},"end":{"line":52,"column":5}}],"line":49},"3":{"loc":{"start":{"line":49,"column":8},"end":{"line":49,"column":46}},"type":"binary-expr","locations":[{"start":{"line":49,"column":8},"end":{"line":49,"column":23}},{"start":{"line":49,"column":27},"end":{"line":49,"column":46}}],"line":49},"4":{"loc":{"start":{"line":56,"column":4},"end":{"line":56,"column":50}},"type":"if","locations":[{"start":{"line":56,"column":4},"end":{"line":56,"column":50}},{"start":{"line":56,"column":4},"end":{"line":56,"column":50}}],"line":56},"5":{"loc":{"start":{"line":56,"column":8},"end":{"line":56,"column":31}},"type":"binary-expr","locations":[{"start":{"line":56,"column":8},"end":{"line":56,"column":20}},{"start":{"line":56,"column":24},"end":{"line":56,"column":31}}],"line":56},"6":{"loc":{"start":{"line":57,"column":4},"end":{"line":60,"column":5}},"type":"if","locations":[{"start":{"line":57,"column":4},"end":{"line":60,"column":5}},{"start":{"line":57,"column":4},"end":{"line":60,"column":5}}],"line":57},"7":{"loc":{"start":{"line":92,"column":4},"end":{"line":132,"column":7}},"type":"if","locations":[{"start":{"line":92,"column":4},"end":{"line":132,"column":7}},{"start":{"line":92,"column":4},"end":{"line":132,"column":7}}],"line":92},"8":{"loc":{"start":{"line":94,"column":8},"end":{"line":130,"column":11}},"type":"if","locations":[{"start":{"line":94,"column":8},"end":{"line":130,"column":11}},{"start":{"line":94,"column":8},"end":{"line":130,"column":11}}],"line":94},"9":{"loc":{"start":{"line":99,"column":10},"end":{"line":111,"column":11}},"type":"if","locations":[{"start":{"line":99,"column":10},"end":{"line":111,"column":11}},{"start":{"line":99,"column":10},"end":{"line":111,"column":11}}],"line":99},"10":{"loc":{"start":{"line":100,"column":15},"end":{"line":111,"column":11}},"type":"if","locations":[{"start":{"line":100,"column":15},"end":{"line":111,"column":11}},{"start":{"line":100,"column":15},"end":{"line":111,"column":11}}],"line":100},"11":{"loc":{"start":{"line":104,"column":15},"end":{"line":111,"column":11}},"type":"if","locations":[{"start":{"line":104,"column":15},"end":{"line":111,"column":11}},{"start":{"line":104,"column":15},"end":{"line":111,"column":11}}],"line":104}},"s":{"0":0,"1":0,"2":0,"3":0,"4":0,"5":0,"6":0,"7":0,"8":0,"9":0,"10":0,"11":0,"12":0,"13":0,"14":0,"15":0,"16":0,"17":0,"18":0,"19":0,"20":0,"21":0,"22":0,"23":0,"24":0,"25":0,"26":0,"27":0,"28":0,"29":0,"30":0,"31":0,"32":0,"33":0,"34":0,"35":0,"36":0,"37":0,"38":0,"39":0,"40":0,"41":0,"42":0,"43":0,"44":0,"45":0,"46":0,"47":0,"48":0,"49":0,"50":0,"51":0,"52":0,"53":0,"54":0,"55":0,"56":0,"57":0,"58":0,"59":0,"60":0,"61":0,"62":0,"63":0,"64":0,"65":0,"66":0},"f":{"0":0,"1":0,"2":0,"3":0,"4":0,"5":0,"6":0,"7":0,"8":0,"9":0,"10":0,"11":0,"12":0,"13":0,"14":0,"15":0},"b":{"0":[0,0],"1":[0,0],"2":[0,0],"3":[0,0],"4":[0,0],"5":[0,0],"6":[0,0],"7":[0,0],"8":[0,0],"9":[0,0],"10":[0,0],"11":[0,0]},"hash":"3e8bbf924fe2361e8c85857e958fdd4f5b1f13e1"}
,"D:\\workspace\\Chirpr\\client\\src\\pages\\Landing\\Landing.js": {"path":"D:\\workspace\\Chirpr\\client\\src\\pages\\Landing\\Landing.js","statementMap":{"0":{"start":{"line":5,"column":15},"end":{"line":12,"column":1}},"1":{"start":{"line":15,"column":2},"end":{"line":27,"column":3}}},"fnMap":{"0":{"name":"App","decl":{"start":{"line":14,"column":9},"end":{"line":14,"column":12}},"loc":{"start":{"line":14,"column":16},"end":{"line":28,"column":1}},"line":14}},"branchMap":{},"s":{"0":1,"1":2},"f":{"0":2},"b":{},"_coverageSchema":"43e27e138ebf9cfc5966b082cf9a028302ed4184","hash":"28c1a5b1f2b1a67739232ab1b84573b8c96dd8a9"}
,"D:\\workspace\\Chirpr\\client\\src\\pages\\Profile\\Profile.js": {"path":"D:\\workspace\\Chirpr\\client\\src\\pages\\Profile\\Profile.js","statementMap":{"0":{"start":{"line":8,"column":32},"end":{"line":13,"column":6}},"1":{"start":{"line":15,"column":20},"end":{"line":15,"column":60}},"2":{"start":{"line":15,"column":41},"end":{"line":15,"column":59}},"3":{"start":{"line":17,"column":4},"end":{"line":23,"column":10}},"4":{"start":{"line":18,"column":8},"end":{"line":22,"column":9}},"5":{"start":{"line":18,"column":29},"end":{"line":18,"column":66}},"6":{"start":{"line":20,"column":61},"end":{"line":20,"column":68}},"7":{"start":{"line":21,"column":12},"end":{"line":21,"column":63}},"8":{"start":{"line":25,"column":4},"end":{"line":40,"column":5}}},"fnMap":{"0":{"name":"Profile","decl":{"start":{"line":7,"column":9},"end":{"line":7,"column":16}},"loc":{"start":{"line":7,"column":24},"end":{"line":42,"column":1}},"line":7},"1":{"name":"(anonymous_1)","decl":{"start":{"line":15,"column":32},"end":{"line":15,"column":33}},"loc":{"start":{"line":15,"column":41},"end":{"line":15,"column":59}},"line":15},"2":{"name":"(anonymous_2)","decl":{"start":{"line":17,"column":14},"end":{"line":17,"column":15}},"loc":{"start":{"line":17,"column":20},"end":{"line":23,"column":5}},"line":17}},"branchMap":{"0":{"loc":{"start":{"line":18,"column":8},"end":{"line":22,"column":9}},"type":"if","locations":[{"start":{"line":18,"column":8},"end":{"line":22,"column":9}},{"start":{"line":18,"column":8},"end":{"line":22,"column":9}}],"line":18}},"s":{"0":0,"1":0,"2":0,"3":0,"4":0,"5":0,"6":0,"7":0,"8":0},"f":{"0":0,"1":0,"2":0},"b":{"0":[0,0]},"hash":"084ff593d2178da67ab654752f7464e12bfbc5cd"}
,"D:\\workspace\\Chirpr\\client\\src\\reducers\\authReducer.js": {"path":"D:\\workspace\\Chirpr\\client\\src\\reducers\\authReducer.js","statementMap":{"0":{"start":{"line":12,"column":21},"end":{"line":17,"column":1}},"1":{"start":{"line":21,"column":4},"end":{"line":39,"column":5}},"2":{"start":{"line":23,"column":12},"end":{"line":28,"column":13}},"3":{"start":{"line":30,"column":12},"end":{"line":30,"column":38}},"4":{"start":{"line":32,"column":12},"end":{"line":32,"column":56}},"5":{"start":{"line":34,"column":12},"end":{"line":34,"column":57}},"6":{"start":{"line":36,"column":12},"end":{"line":36,"column":56}},"7":{"start":{"line":38,"column":12},"end":{"line":38,"column":25}}},"fnMap":{"0":{"name":"(anonymous_0)","decl":{"start":{"line":20,"column":15},"end":{"line":20,"column":16}},"loc":{"start":{"line":20,"column":49},"end":{"line":40,"column":1}},"line":20}},"branchMap":{"0":{"loc":{"start":{"line":20,"column":16},"end":{"line":20,"column":36}},"type":"default-arg","locations":[{"start":{"line":20,"column":24},"end":{"line":20,"column":36}}],"line":20},"1":{"loc":{"start":{"line":21,"column":4},"end":{"line":39,"column":5}},"type":"switch","locations":[{"start":{"line":22,"column":8},"end":{"line":28,"column":13}},{"start":{"line":29,"column":8},"end":{"line":30,"column":38}},{"start":{"line":31,"column":8},"end":{"line":32,"column":56}},{"start":{"line":33,"column":8},"end":{"line":34,"column":57}},{"start":{"line":35,"column":8},"end":{"line":36,"column":56}},{"start":{"line":37,"column":8},"end":{"line":38,"column":25}}],"line":21}},"s":{"0":1,"1":5,"2":0,"3":0,"4":0,"5":0,"6":0,"7":5},"f":{"0":5},"b":{"0":[3],"1":[0,0,0,0,0,5]},"_coverageSchema":"43e27e138ebf9cfc5966b082cf9a028302ed4184","hash":"572be58dc2c5ecb8a8b6de5e9fed4bea70e624e4"}
,"D:\\workspace\\Chirpr\\client\\src\\reducers\\chirpReducer.js": {"path":"D:\\workspace\\Chirpr\\client\\src\\reducers\\chirpReducer.js","statementMap":{"0":{"start":{"line":12,"column":24},"end":{"line":12,"column":26}},"1":{"start":{"line":16,"column":7},"end":{"line":21,"column":8}},"2":{"start":{"line":18,"column":15},"end":{"line":18,"column":56}},"3":{"start":{"line":20,"column":15},"end":{"line":20,"column":28}}},"fnMap":{"0":{"name":"(anonymous_0)","decl":{"start":{"line":15,"column":18},"end":{"line":15,"column":19}},"loc":{"start":{"line":15,"column":52},"end":{"line":22,"column":4}},"line":15}},"branchMap":{"0":{"loc":{"start":{"line":15,"column":19},"end":{"line":15,"column":39}},"type":"default-arg","locations":[{"start":{"line":15,"column":27},"end":{"line":15,"column":39}}],"line":15},"1":{"loc":{"start":{"line":16,"column":7},"end":{"line":21,"column":8}},"type":"switch","locations":[{"start":{"line":17,"column":11},"end":{"line":18,"column":56}},{"start":{"line":19,"column":11},"end":{"line":20,"column":28}}],"line":16}},"s":{"0":1,"1":5,"2":0,"3":5},"f":{"0":5},"b":{"0":[3],"1":[0,5]},"_coverageSchema":"43e27e138ebf9cfc5966b082cf9a028302ed4184","hash":"e769e253758257f4a6f25b6b9753270e215ed84f"}
,"D:\\workspace\\Chirpr\\client\\src\\reducers\\index.js": {"path":"D:\\workspace\\Chirpr\\client\\src\\reducers\\index.js","statementMap":{},"fnMap":{},"branchMap":{},"s":{},"f":{},"b":{},"_coverageSchema":"43e27e138ebf9cfc5966b082cf9a028302ed4184","hash":"11889813d945d59bb95a0e862ae28a88a8ba3c93"}
,"D:\\workspace\\Chirpr\\client\\src\\reducers\\networkReducer.js": {"path":"D:\\workspace\\Chirpr\\client\\src\\reducers\\networkReducer.js","statementMap":{"0":{"start":{"line":9,"column":24},"end":{"line":12,"column":4}},"1":{"start":{"line":16,"column":7},"end":{"line":25,"column":8}},"2":{"start":{"line":18,"column":15},"end":{"line":18,"column":62}},"3":{"start":{"line":20,"column":16},"end":{"line":20,"column":66}},"4":{"start":{"line":22,"column":16},"end":{"line":22,"column":68}},"5":{"start":{"line":24,"column":15},"end":{"line":24,"column":28}}},"fnMap":{"0":{"name":"(anonymous_0)","decl":{"start":{"line":15,"column":18},"end":{"line":15,"column":19}},"loc":{"start":{"line":15,"column":52},"end":{"line":26,"column":4}},"line":15}},"branchMap":{"0":{"loc":{"start":{"line":15,"column":19},"end":{"line":15,"column":39}},"type":"default-arg","locations":[{"start":{"line":15,"column":27},"end":{"line":15,"column":39}}],"line":15},"1":{"loc":{"start":{"line":16,"column":7},"end":{"line":25,"column":8}},"type":"switch","locations":[{"start":{"line":17,"column":11},"end":{"line":18,"column":62}},{"start":{"line":19,"column":12},"end":{"line":20,"column":66}},{"start":{"line":21,"column":12},"end":{"line":22,"column":68}},{"start":{"line":23,"column":11},"end":{"line":24,"column":28}}],"line":16}},"s":{"0":1,"1":5,"2":0,"3":0,"4":0,"5":5},"f":{"0":5},"b":{"0":[3],"1":[0,0,0,5]},"_coverageSchema":"43e27e138ebf9cfc5966b082cf9a028302ed4184","hash":"d55d8954e83070de7c36cbdf65e1064e3ce3774a"}
}
