TN:
SF:D:\workspace\Chirpr\client\src\App.js
FN:25,App
FN:27,(anonymous_1)
FN:35,(anonymous_2)
FN:42,(anonymous_3)
FN:55,(anonymous_4)
FN:56,(anonymous_5)
FNF:6
FNH:0
FNDA:0,App
FNDA:0,(anonymous_1)
FNDA:0,(anonymous_2)
FNDA:0,(anonymous_3)
FNDA:0,(anonymous_4)
FNDA:0,(anonymous_5)
DA:27,0
DA:28,0
DA:30,0
DA:32,0
DA:33,0
DA:35,0
DA:40,0
DA:42,0
DA:55,0
DA:56,0
LF:10
LH:0
BRDA:32,0,0,0
BRDA:32,0,1,0
BRF:2
BRH:0
end_of_record
TN:
SF:D:\workspace\Chirpr\client\src\configureStore.js
FNF:0
FNH:0
DA:11,1
DA:17,1
DA:19,1
DA:20,1
LF:4
LH:4
BRF:0
BRH:0
end_of_record
TN:
SF:D:\workspace\Chirpr\client\src\index.js
FNF:0
FNH:0
DA:16,0
LF:1
LH:0
BRF:0
BRH:0
end_of_record
TN:
SF:D:\workspace\Chirpr\client\src\serviceWorker.js
FN:23,register
FN:34,(anonymous_1)
FN:43,(anonymous_2)
FN:57,registerValidSW
FN:60,(anonymous_4)
FN:61,(anonymous_5)
FN:66,(anonymous_6)
FN:96,(anonymous_7)
FN:101,checkValidServiceWorker
FN:106,(anonymous_9)
FN:114,(anonymous_10)
FN:115,(anonymous_11)
FN:124,(anonymous_12)
FN:131,unregister
FN:133,(anonymous_14)
FNF:15
FNH:0
FNDA:0,register
FNDA:0,(anonymous_1)
FNDA:0,(anonymous_2)
FNDA:0,registerValidSW
FNDA:0,(anonymous_4)
FNDA:0,(anonymous_5)
FNDA:0,(anonymous_6)
FNDA:0,(anonymous_7)
FNDA:0,checkValidServiceWorker
FNDA:0,(anonymous_9)
FNDA:0,(anonymous_10)
FNDA:0,(anonymous_11)
FNDA:0,(anonymous_12)
FNDA:0,unregister
FNDA:0,(anonymous_14)
DA:13,0
DA:24,0
DA:26,0
DA:27,0
DA:31,0
DA:34,0
DA:35,0
DA:37,0
DA:39,0
DA:43,0
DA:44,0
DA:51,0
DA:58,0
DA:61,0
DA:62,0
DA:63,0
DA:64,0
DA:66,0
DA:67,0
DA:68,0
DA:72,0
DA:78,0
DA:79,0
DA:85,0
DA:88,0
DA:89,0
DA:97,0
DA:103,0
DA:108,0
DA:109,0
DA:114,0
DA:115,0
DA:116,0
DA:121,0
DA:125,0
DA:132,0
DA:133,0
DA:134,0
LF:38
LH:0
BRDA:14,0,0,0
BRDA:14,0,1,0
BRDA:14,0,2,0
BRDA:24,1,0,0
BRDA:24,1,1,0
BRDA:24,2,0,0
BRDA:24,2,1,0
BRDA:27,3,0,0
BRDA:27,3,1,0
BRDA:37,4,0,0
BRDA:37,4,1,0
BRDA:63,5,0,0
BRDA:63,5,1,0
BRDA:67,6,0,0
BRDA:67,6,1,0
BRDA:68,7,0,0
BRDA:68,7,1,0
BRDA:78,8,0,0
BRDA:78,8,1,0
BRDA:78,9,0,0
BRDA:78,9,1,0
BRDA:88,10,0,0
BRDA:88,10,1,0
BRDA:88,11,0,0
BRDA:88,11,1,0
BRDA:109,12,0,0
BRDA:109,12,1,0
BRDA:110,13,0,0
BRDA:110,13,1,0
BRDA:110,13,2,0
BRDA:132,14,0,0
BRDA:132,14,1,0
BRF:32
BRH:0
end_of_record
TN:
SF:D:\workspace\Chirpr\client\src\actions\index.js
FN:23,(anonymous_0)
FN:23,(anonymous_1)
FN:59,(anonymous_2)
FN:59,(anonymous_3)
FN:81,(anonymous_4)
FN:81,(anonymous_5)
FN:109,(anonymous_6)
FN:109,(anonymous_7)
FN:139,(anonymous_8)
FN:146,(anonymous_9)
FN:146,(anonymous_10)
FN:175,(anonymous_11)
FN:175,(anonymous_12)
FN:203,(anonymous_13)
FN:203,(anonymous_14)
FN:242,(anonymous_15)
FN:242,(anonymous_16)
FN:269,(anonymous_17)
FN:269,(anonymous_18)
FN:295,(anonymous_19)
FN:295,(anonymous_20)
FN:331,(anonymous_21)
FN:331,(anonymous_22)
FNF:23
FNH:2
FNDA:0,(anonymous_0)
FNDA:0,(anonymous_1)
FNDA:0,(anonymous_2)
FNDA:0,(anonymous_3)
FNDA:2,(anonymous_4)
FNDA:2,(anonymous_5)
FNDA:0,(anonymous_6)
FNDA:0,(anonymous_7)
FNDA:0,(anonymous_8)
FNDA:0,(anonymous_9)
FNDA:0,(anonymous_10)
FNDA:0,(anonymous_11)
FNDA:0,(anonymous_12)
FNDA:0,(anonymous_13)
FNDA:0,(anonymous_14)
FNDA:0,(anonymous_15)
FNDA:0,(anonymous_16)
FNDA:0,(anonymous_17)
FNDA:0,(anonymous_18)
FNDA:0,(anonymous_19)
FNDA:0,(anonymous_20)
FNDA:0,(anonymous_21)
FNDA:0,(anonymous_22)
DA:23,1
DA:25,0
DA:26,0
DA:28,0
DA:30,0
DA:32,0
DA:33,0
DA:35,0
DA:44,0
DA:46,0
DA:47,0
DA:50,0
DA:55,0
DA:59,1
DA:60,0
DA:62,0
DA:63,0
DA:65,0
DA:67,0
DA:69,0
DA:72,0
DA:77,0
DA:81,2
DA:82,2
DA:84,2
DA:86,2
DA:88,1
DA:90,1
DA:92,1
DA:94,1
DA:98,1
DA:103,1
DA:105,1
DA:109,1
DA:111,0
DA:113,0
DA:115,0
DA:116,0
DA:123,0
DA:124,0
DA:127,0
DA:130,0
DA:135,0
DA:139,1
DA:140,0
DA:146,1
DA:147,0
DA:148,0
DA:149,0
DA:150,0
DA:151,0
DA:158,0
DA:159,0
DA:160,0
DA:163,0
DA:166,0
DA:171,0
DA:175,1
DA:177,0
DA:178,0
DA:179,0
DA:180,0
DA:187,0
DA:188,0
DA:191,0
DA:194,0
DA:199,0
DA:203,1
DA:204,0
DA:206,0
DA:208,0
DA:209,0
DA:215,0
DA:217,0
DA:224,0
DA:225,0
DA:226,0
DA:227,0
DA:233,0
DA:238,0
DA:242,1
DA:243,0
DA:245,0
DA:247,0
DA:253,0
DA:254,0
DA:255,0
DA:256,0
DA:260,0
DA:265,0
DA:269,1
DA:270,0
DA:272,0
DA:274,0
DA:279,0
DA:280,0
DA:281,0
DA:282,0
DA:286,0
DA:291,0
DA:295,1
DA:296,0
DA:297,0
DA:298,0
DA:300,0
DA:301,0
DA:307,0
DA:309,0
DA:314,0
DA:315,0
DA:316,0
DA:317,0
DA:322,0
DA:327,0
DA:331,1
DA:332,0
DA:333,0
DA:334,0
DA:336,0
DA:337,0
DA:343,0
DA:345,0
DA:350,0
DA:351,0
DA:352,0
DA:353,0
DA:358,0
DA:363,0
LF:128
LH:22
BRDA:30,0,0,0
BRDA:30,0,1,0
BRDA:46,1,0,0
BRDA:46,1,1,0
BRDA:46,2,0,0
BRDA:46,2,1,0
BRDA:52,3,0,0
BRDA:52,3,1,0
BRDA:74,4,0,0
BRDA:74,4,1,0
BRDA:88,5,0,1
BRDA:88,5,1,0
BRDA:100,6,0,1
BRDA:100,6,1,0
BRDA:123,7,0,0
BRDA:123,7,1,0
BRDA:132,8,0,0
BRDA:132,8,1,0
BRDA:158,9,0,0
BRDA:158,9,1,0
BRDA:168,10,0,0
BRDA:168,10,1,0
BRDA:187,11,0,0
BRDA:187,11,1,0
BRDA:196,12,0,0
BRDA:196,12,1,0
BRDA:208,13,0,0
BRDA:208,13,1,0
BRDA:224,14,0,0
BRDA:224,14,1,0
BRDA:235,15,0,0
BRDA:235,15,1,0
BRDA:253,16,0,0
BRDA:253,16,1,0
BRDA:262,17,0,0
BRDA:262,17,1,0
BRDA:279,18,0,0
BRDA:279,18,1,0
BRDA:288,19,0,0
BRDA:288,19,1,0
BRDA:300,20,0,0
BRDA:300,20,1,0
BRDA:314,21,0,0
BRDA:314,21,1,0
BRDA:324,22,0,0
BRDA:324,22,1,0
BRDA:336,23,0,0
BRDA:336,23,1,0
BRDA:350,24,0,0
BRDA:350,24,1,0
BRDA:360,25,0,0
BRDA:360,25,1,0
BRF:52
BRH:2
end_of_record
TN:
SF:D:\workspace\Chirpr\client\src\actions\types.js
FNF:0
FNH:0
DA:4,1
DA:5,1
DA:6,1
DA:7,1
DA:8,1
DA:11,1
DA:12,1
DA:13,1
DA:14,1
DA:17,1
DA:18,1
DA:19,1
DA:20,1
DA:21,1
DA:22,1
LF:15
LH:15
BRF:0
BRH:0
end_of_record
TN:
SF:D:\workspace\Chirpr\client\src\components\HomepageImage.js
FN:3,HomepageImage
FNF:1
FNH:1
FNDA:2,HomepageImage
DA:4,2
DA:5,2
LF:2
LH:2
BRF:0
BRH:0
end_of_record
TN:
SF:D:\workspace\Chirpr\client\src\components\index.js
FNF:0
FNH:0
LF:0
LH:0
BRF:0
BRH:0
end_of_record
TN:
SF:D:\workspace\Chirpr\client\src\components\AlertMessage\AlertMessage.js
FN:5,(anonymous_0)
FN:14,(anonymous_1)
FN:29,(anonymous_2)
FNF:3
FNH:1
FNDA:20,(anonymous_0)
FNDA:0,(anonymous_1)
FNDA:0,(anonymous_2)
DA:5,1
DA:6,20
DA:7,20
DA:9,20
DA:10,0
DA:15,0
DA:16,0
DA:17,0
DA:24,20
DA:25,1
DA:30,0
DA:31,0
DA:32,0
DA:39,19
LF:14
LH:7
BRDA:9,0,0,0
BRDA:9,0,1,20
BRDA:24,1,0,1
BRDA:24,1,1,19
BRF:4
BRH:3
end_of_record
TN:
SF:D:\workspace\Chirpr\client\src\components\Buttons\LoaderButton.js
FN:5,(anonymous_0)
FNF:1
FNH:1
FNDA:20,(anonymous_0)
DA:5,1
DA:11,20
LF:2
LH:2
BRDA:7,0,0,20
BRDA:8,1,0,0
BRDA:14,2,0,20
BRDA:14,2,1,10
BRDA:17,3,0,20
BRDA:17,3,1,0
BRF:6
BRH:4
end_of_record
TN:
SF:D:\workspace\Chirpr\client\src\components\Chirp\Chirp.js
FN:20,(anonymous_0)
FN:33,(anonymous_1)
FN:44,(anonymous_2)
FN:49,(anonymous_3)
FN:54,(anonymous_4)
FN:60,(anonymous_5)
FN:75,(anonymous_6)
FN:85,(anonymous_7)
FN:98,(anonymous_8)
FN:104,(anonymous_9)
FN:112,(anonymous_10)
FN:119,(anonymous_11)
FN:127,(anonymous_12)
FN:131,(anonymous_13)
FN:132,(anonymous_14)
FN:133,(anonymous_15)
FN:143,(anonymous_16)
FN:144,(anonymous_17)
FN:145,(anonymous_18)
FN:154,(anonymous_19)
FN:158,(anonymous_20)
FN:159,(anonymous_21)
FN:160,(anonymous_22)
FN:170,(anonymous_23)
FN:171,(anonymous_24)
FN:172,(anonymous_25)
FN:182,(anonymous_26)
FN:193,(anonymous_27)
FNF:28
FNH:0
FNDA:0,(anonymous_0)
FNDA:0,(anonymous_1)
FNDA:0,(anonymous_2)
FNDA:0,(anonymous_3)
FNDA:0,(anonymous_4)
FNDA:0,(anonymous_5)
FNDA:0,(anonymous_6)
FNDA:0,(anonymous_7)
FNDA:0,(anonymous_8)
FNDA:0,(anonymous_9)
FNDA:0,(anonymous_10)
FNDA:0,(anonymous_11)
FNDA:0,(anonymous_12)
FNDA:0,(anonymous_13)
FNDA:0,(anonymous_14)
FNDA:0,(anonymous_15)
FNDA:0,(anonymous_16)
FNDA:0,(anonymous_17)
FNDA:0,(anonymous_18)
FNDA:0,(anonymous_19)
FNDA:0,(anonymous_20)
FNDA:0,(anonymous_21)
FNDA:0,(anonymous_22)
FNDA:0,(anonymous_23)
FNDA:0,(anonymous_24)
FNDA:0,(anonymous_25)
FNDA:0,(anonymous_26)
FNDA:0,(anonymous_27)
DA:20,0
DA:21,0
DA:22,0
DA:23,0
DA:24,0
DA:25,0
DA:26,0
DA:27,0
DA:28,0
DA:29,0
DA:31,0
DA:33,0
DA:34,0
DA:35,0
DA:36,0
DA:39,0
DA:44,0
DA:45,0
DA:46,0
DA:47,0
DA:48,0
DA:49,0
DA:50,0
DA:54,0
DA:55,0
DA:56,0
DA:61,0
DA:62,0
DA:69,0
DA:70,0
DA:76,0
DA:77,0
DA:86,0
DA:87,0
DA:88,0
DA:98,0
DA:99,0
DA:100,0
DA:104,0
DA:112,0
DA:113,0
DA:114,0
DA:119,0
DA:127,0
DA:128,0
DA:129,0
DA:131,0
DA:132,0
DA:133,0
DA:141,0
DA:143,0
DA:144,0
DA:145,0
DA:154,0
DA:155,0
DA:156,0
DA:158,0
DA:159,0
DA:160,0
DA:168,0
DA:170,0
DA:171,0
DA:172,0
DA:182,0
DA:183,0
DA:193,0
DA:194,0
DA:204,0
LF:68
LH:0
BRDA:34,0,0,0
BRDA:34,0,1,0
BRDA:45,1,0,0
BRDA:45,1,1,0
BRDA:47,2,0,0
BRDA:47,2,1,0
BRDA:55,3,0,0
BRDA:55,3,1,0
BRDA:55,4,0,0
BRDA:55,4,1,0
BRDA:69,5,0,0
BRDA:69,5,1,0
BRDA:69,6,0,0
BRDA:69,6,1,0
BRDA:99,7,0,0
BRDA:99,7,1,0
BRDA:113,8,0,0
BRDA:113,8,1,0
BRDA:128,9,0,0
BRDA:128,9,1,0
BRDA:128,10,0,0
BRDA:128,10,1,0
BRDA:155,11,0,0
BRDA:155,11,1,0
BRDA:155,12,0,0
BRDA:155,12,1,0
BRDA:164,13,0,0
BRDA:164,13,1,0
BRDA:176,14,0,0
BRDA:176,14,1,0
BRDA:183,15,0,0
BRDA:183,15,1,0
BRDA:194,16,0,0
BRDA:194,16,1,0
BRDA:228,17,0,0
BRDA:228,17,1,0
BRF:36
BRH:0
end_of_record
TN:
SF:D:\workspace\Chirpr\client\src\components\ChirpInputForm\ChirpInputForm.js
FN:12,(anonymous_0)
FN:29,(anonymous_1)
FNF:2
FNH:0
FNDA:0,(anonymous_0)
FNDA:0,(anonymous_1)
DA:12,0
DA:13,0
DA:29,0
LF:3
LH:0
BRF:0
BRH:0
end_of_record
TN:
SF:D:\workspace\Chirpr\client\src\components\CreateProfile\CreateProfile.js
FN:11,(anonymous_0)
FN:21,validateForm
FN:31,handleSubmit
FN:36,renderForm
FN:45,(anonymous_4)
FN:53,(anonymous_5)
FN:60,(anonymous_6)
FN:70,(anonymous_7)
FN:79,(anonymous_8)
FNF:9
FNH:0
FNDA:0,(anonymous_0)
FNDA:0,validateForm
FNDA:0,handleSubmit
FNDA:0,renderForm
FNDA:0,(anonymous_4)
FNDA:0,(anonymous_5)
FNDA:0,(anonymous_6)
FNDA:0,(anonymous_7)
FNDA:0,(anonymous_8)
DA:11,0
DA:12,0
DA:13,0
DA:14,0
DA:15,0
DA:16,0
DA:17,0
DA:19,0
DA:22,0
DA:32,0
DA:33,0
DA:37,0
DA:45,0
DA:53,0
DA:60,0
DA:70,0
DA:79,0
DA:95,0
LF:18
LH:0
BRDA:23,0,0,0
BRDA:23,0,1,0
BRDA:23,0,2,0
BRDA:23,0,3,0
BRDA:23,0,4,0
BRF:5
BRH:0
end_of_record
TN:
SF:D:\workspace\Chirpr\client\src\components\FullPageSpinner\FullPageSpinner.js
FN:5,(anonymous_0)
FNF:1
FNH:0
FNDA:0,(anonymous_0)
DA:5,0
DA:7,0
LF:2
LH:0
BRF:0
BRH:0
end_of_record
TN:
SF:D:\workspace\Chirpr\client\src\components\LoginAndReg\Login.js
FN:12,(anonymous_0)
FN:19,(anonymous_1)
FN:21,(anonymous_2)
FN:28,validateForm
FN:32,(anonymous_4)
FN:55,(anonymous_5)
FN:62,(anonymous_6)
FNF:7
FNH:0
FNDA:0,(anonymous_0)
FNDA:0,(anonymous_1)
FNDA:0,(anonymous_2)
FNDA:0,validateForm
FNDA:0,(anonymous_4)
FNDA:0,(anonymous_5)
FNDA:0,(anonymous_6)
DA:12,0
DA:13,0
DA:14,0
DA:15,0
DA:16,0
DA:17,0
DA:18,0
DA:19,0
DA:21,0
DA:22,0
DA:23,0
DA:24,0
DA:29,0
DA:32,0
DA:33,0
DA:35,0
DA:38,0
DA:55,0
DA:62,0
LF:19
LH:0
BRDA:22,0,0,0
BRDA:22,0,1,0
BRDA:22,1,0,0
BRDA:22,1,1,0
BRDA:29,2,0,0
BRDA:29,2,1,0
BRF:6
BRH:0
end_of_record
TN:
SF:D:\workspace\Chirpr\client\src\components\LoginAndReg\Registration.js
FN:15,(anonymous_0)
FN:23,(anonymous_1)
FN:25,(anonymous_2)
FN:32,validateForm
FN:40,handleSubmit
FN:46,renderForm
FN:63,(anonymous_6)
FN:71,(anonymous_7)
FN:78,(anonymous_8)
FNF:9
FNH:9
FNDA:20,(anonymous_0)
FNDA:33,(anonymous_1)
FNDA:3,(anonymous_2)
FNDA:20,validateForm
FNDA:2,handleSubmit
FNDA:20,renderForm
FNDA:2,(anonymous_6)
FNDA:2,(anonymous_7)
FNDA:2,(anonymous_8)
DA:15,1
DA:16,20
DA:17,20
DA:18,20
DA:19,20
DA:20,20
DA:21,20
DA:22,20
DA:23,33
DA:25,20
DA:26,3
DA:27,1
DA:28,1
DA:33,20
DA:41,2
DA:43,2
DA:47,20
DA:63,2
DA:71,2
DA:78,2
DA:95,20
LF:21
LH:21
BRDA:26,0,0,1
BRDA:26,0,1,2
BRDA:26,1,0,3
BRDA:26,1,1,1
BRDA:34,2,0,20
BRDA:34,2,1,14
BRDA:34,2,2,12
BRF:7
BRH:7
end_of_record
TN:
SF:D:\workspace\Chirpr\client\src\components\Navigation\Navigation.js
FN:5,(anonymous_0)
FN:7,(anonymous_1)
FNF:2
FNH:0
FNDA:0,(anonymous_0)
FNDA:0,(anonymous_1)
DA:5,0
DA:7,0
DA:9,0
DA:10,0
DA:25,0
DA:39,0
LF:6
LH:0
BRDA:9,0,0,0
BRDA:9,0,1,0
BRF:2
BRH:0
end_of_record
TN:
SF:D:\workspace\Chirpr\client\src\components\PrivateRoute\PrivateRoute.js
FN:6,PrivateRoute
FN:10,(anonymous_1)
FNF:2
FNH:0
FNDA:0,PrivateRoute
FNDA:0,(anonymous_1)
DA:7,0
DA:11,0
LF:2
LH:0
BRDA:11,0,0,0
BRDA:11,0,1,0
BRF:2
BRH:0
end_of_record
TN:
SF:D:\workspace\Chirpr\client\src\components\chirpCard\profileCard.js
FN:6,Bio
FN:18,Avatar
FN:29,Header
FN:38,Data
FN:59,Content
FN:68,Card
FNF:6
FNH:0
FNDA:0,Bio
FNDA:0,Avatar
FNDA:0,Header
FNDA:0,Data
FNDA:0,Content
FNDA:0,Card
DA:7,0
DA:19,0
DA:30,0
DA:39,0
DA:60,0
DA:69,0
DA:78,0
DA:88,0
LF:8
LH:0
BRF:0
BRH:0
end_of_record
TN:
SF:D:\workspace\Chirpr\client\src\components\common\index.js
FNF:0
FNH:0
LF:0
LH:0
BRF:0
BRH:0
end_of_record
TN:
SF:D:\workspace\Chirpr\client\src\components\profileCard\profileCard.js
FN:5,Bio
FN:17,Avatar
FN:28,Header
FN:37,Data
FN:58,Content
FN:67,Card
FNF:6
FNH:0
FNDA:0,Bio
FNDA:0,Avatar
FNDA:0,Header
FNDA:0,Data
FNDA:0,Content
FNDA:0,Card
DA:6,0
DA:18,0
DA:29,0
DA:38,0
DA:59,0
DA:68,0
DA:69,0
LF:7
LH:0
BRF:0
BRH:0
end_of_record
TN:
SF:D:\workspace\Chirpr\client\src\docs\lcov-report\block-navigation.js
FN:2,init
FN:24,toggleClass
FN:31,makeCurrent
FN:41,goToPrevious
FN:52,goToNext
FN:65,jump
FNF:6
FNH:0
FNDA:0,init
FNDA:0,toggleClass
FNDA:0,makeCurrent
FNDA:0,goToPrevious
FNDA:0,goToNext
FNDA:0,jump
DA:2,0
DA:4,0
DA:7,0
DA:10,0
DA:14,0
DA:20,0
DA:25,0
DA:28,0
DA:32,0
DA:33,0
DA:34,0
DA:42,0
DA:43,0
DA:44,0
DA:45,0
DA:46,0
DA:49,0
DA:53,0
DA:55,0
DA:59,0
DA:62,0
DA:65,0
DA:66,0
DA:69,0
DA:70,0
DA:74,0
DA:75,0
DA:79,0
LF:28
LH:0
BRDA:43,0,0,0
BRDA:43,0,1,0
BRDA:43,1,0,0
BRDA:43,1,1,0
BRDA:45,2,0,0
BRDA:45,2,1,0
BRDA:55,3,0,0
BRDA:55,3,1,0
BRDA:56,4,0,0
BRDA:56,4,1,0
BRDA:66,5,0,0
BRDA:66,5,1,0
BRDA:66,5,2,0
BRDA:66,5,3,0
BRDA:66,5,4,0
BRF:15
BRH:0
end_of_record
TN:
SF:D:\workspace\Chirpr\client\src\docs\lcov-report\prettify.js
FN:2,(anonymous_0)
FN:2,k
FN:2,ab
FN:2,T
FN:2,X
FN:2,(anonymous_5)
FN:2,W
FN:2,(anonymous_7)
FN:2,a
FN:2,aa
FN:2,B
FN:2,o
FN:2,g
FN:2,(anonymous_13)
FN:2,(anonymous_14)
FN:2,i
FN:2,Q
FN:2,ae
FN:2,ad
FN:2,ai
FN:2,D
FN:2,c
FN:2,q
FN:2,d
FN:2,y
FN:2,b
FN:2,Y
FN:2,(anonymous_27)
FN:2,U
FNF:29
FNH:0
FNDA:0,(anonymous_0)
FNDA:0,k
FNDA:0,ab
FNDA:0,T
FNDA:0,X
FNDA:0,(anonymous_5)
FNDA:0,W
FNDA:0,(anonymous_7)
FNDA:0,a
FNDA:0,aa
FNDA:0,B
FNDA:0,o
FNDA:0,g
FNDA:0,(anonymous_13)
FNDA:0,(anonymous_14)
FNDA:0,i
FNDA:0,Q
FNDA:0,ae
FNDA:0,ad
FNDA:0,ai
FNDA:0,D
FNDA:0,c
FNDA:0,q
FNDA:0,d
FNDA:0,y
FNDA:0,b
FNDA:0,Y
FNDA:0,(anonymous_27)
FNDA:0,U
DA:2,0
LF:1
LH:0
BRDA:2,0,0,0
BRDA:2,0,1,0
BRDA:2,1,0,0
BRDA:2,1,1,0
BRDA:2,2,0,0
BRDA:2,2,1,0
BRDA:2,3,0,0
BRDA:2,3,1,0
BRDA:2,4,0,0
BRDA:2,4,1,0
BRDA:2,5,0,0
BRDA:2,5,1,0
BRDA:2,6,0,0
BRDA:2,6,1,0
BRDA:2,7,0,0
BRDA:2,7,1,0
BRDA:2,8,0,0
BRDA:2,8,1,0
BRDA:2,9,0,0
BRDA:2,9,1,0
BRDA:2,10,0,0
BRDA:2,10,1,0
BRDA:2,11,0,0
BRDA:2,11,1,0
BRDA:2,11,2,0
BRDA:2,11,3,0
BRDA:2,12,0,0
BRDA:2,12,1,0
BRDA:2,13,0,0
BRDA:2,13,1,0
BRDA:2,14,0,0
BRDA:2,14,1,0
BRDA:2,15,0,0
BRDA:2,15,1,0
BRDA:2,16,0,0
BRDA:2,16,1,0
BRDA:2,17,0,0
BRDA:2,17,1,0
BRDA:2,18,0,0
BRDA:2,18,1,0
BRDA:2,19,0,0
BRDA:2,19,1,0
BRDA:2,20,0,0
BRDA:2,20,1,0
BRDA:2,21,0,0
BRDA:2,21,1,0
BRDA:2,22,0,0
BRDA:2,22,1,0
BRDA:2,23,0,0
BRDA:2,23,1,0
BRDA:2,24,0,0
BRDA:2,24,1,0
BRDA:2,25,0,0
BRDA:2,25,1,0
BRDA:2,26,0,0
BRDA:2,26,1,0
BRDA:2,27,0,0
BRDA:2,27,1,0
BRDA:2,28,0,0
BRDA:2,28,1,0
BRDA:2,29,0,0
BRDA:2,29,1,0
BRDA:2,30,0,0
BRDA:2,30,1,0
BRDA:2,31,0,0
BRDA:2,31,1,0
BRDA:2,32,0,0
BRDA:2,32,1,0
BRDA:2,33,0,0
BRDA:2,33,1,0
BRDA:2,34,0,0
BRDA:2,34,1,0
BRDA:2,35,0,0
BRDA:2,35,1,0
BRDA:2,36,0,0
BRDA:2,36,1,0
BRDA:2,37,0,0
BRDA:2,37,1,0
BRDA:2,38,0,0
BRDA:2,38,1,0
BRDA:2,39,0,0
BRDA:2,39,1,0
BRDA:2,40,0,0
BRDA:2,40,1,0
BRDA:2,41,0,0
BRDA:2,41,1,0
BRDA:2,42,0,0
BRDA:2,42,1,0
BRDA:2,43,0,0
BRDA:2,43,1,0
BRDA:2,44,0,0
BRDA:2,44,1,0
BRDA:2,45,0,0
BRDA:2,45,1,0
BRDA:2,46,0,0
BRDA:2,46,1,0
BRDA:2,47,0,0
BRDA:2,47,1,0
BRDA:2,48,0,0
BRDA:2,48,1,0
BRDA:2,49,0,0
BRDA:2,49,1,0
BRDA:2,50,0,0
BRDA:2,50,1,0
BRDA:2,50,2,0
BRDA:2,51,0,0
BRDA:2,51,1,0
BRDA:2,52,0,0
BRDA:2,52,1,0
BRDA:2,53,0,0
BRDA:2,53,1,0
BRDA:2,54,0,0
BRDA:2,54,1,0
BRDA:2,55,0,0
BRDA:2,55,1,0
BRDA:2,56,0,0
BRDA:2,56,1,0
BRDA:2,57,0,0
BRDA:2,57,1,0
BRDA:2,58,0,0
BRDA:2,58,1,0
BRDA:2,59,0,0
BRDA:2,59,1,0
BRDA:2,60,0,0
BRDA:2,60,1,0
BRDA:2,61,0,0
BRDA:2,61,1,0
BRDA:2,62,0,0
BRDA:2,62,1,0
BRDA:2,63,0,0
BRDA:2,63,1,0
BRDA:2,64,0,0
BRDA:2,64,1,0
BRDA:2,65,0,0
BRDA:2,65,1,0
BRDA:2,66,0,0
BRDA:2,66,1,0
BRDA:2,67,0,0
BRDA:2,67,1,0
BRDA:2,68,0,0
BRDA:2,68,1,0
BRDA:2,69,0,0
BRDA:2,69,1,0
BRDA:2,70,0,0
BRDA:2,70,1,0
BRDA:2,71,0,0
BRDA:2,71,1,0
BRDA:2,72,0,0
BRDA:2,72,1,0
BRDA:2,73,0,0
BRDA:2,73,1,0
BRDA:2,74,0,0
BRDA:2,74,1,0
BRDA:2,75,0,0
BRDA:2,75,1,0
BRDA:2,76,0,0
BRDA:2,76,1,0
BRDA:2,77,0,0
BRDA:2,77,1,0
BRDA:2,78,0,0
BRDA:2,78,1,0
BRDA:2,79,0,0
BRDA:2,79,1,0
BRDA:2,80,0,0
BRDA:2,80,1,0
BRDA:2,81,0,0
BRDA:2,81,1,0
BRDA:2,82,0,0
BRDA:2,82,1,0
BRDA:2,83,0,0
BRDA:2,83,1,0
BRDA:2,84,0,0
BRDA:2,84,1,0
BRDA:2,85,0,0
BRDA:2,85,1,0
BRDA:2,86,0,0
BRDA:2,86,1,0
BRDA:2,87,0,0
BRDA:2,87,1,0
BRDA:2,88,0,0
BRDA:2,88,1,0
BRDA:2,89,0,0
BRDA:2,89,1,0
BRDA:2,89,2,0
BRDA:2,90,0,0
BRDA:2,90,1,0
BRDA:2,91,0,0
BRDA:2,91,1,0
BRDA:2,92,0,0
BRDA:2,92,1,0
BRDA:2,93,0,0
BRDA:2,93,1,0
BRDA:2,94,0,0
BRDA:2,94,1,0
BRDA:2,95,0,0
BRDA:2,95,1,0
BRDA:2,96,0,0
BRDA:2,96,1,0
BRDA:2,97,0,0
BRDA:2,97,1,0
BRDA:2,98,0,0
BRDA:2,98,1,0
BRDA:2,99,0,0
BRDA:2,99,1,0
BRDA:2,100,0,0
BRDA:2,100,1,0
BRDA:2,101,0,0
BRDA:2,101,1,0
BRDA:2,102,0,0
BRDA:2,102,1,0
BRDA:2,103,0,0
BRDA:2,103,1,0
BRDA:2,104,0,0
BRDA:2,104,1,0
BRDA:2,105,0,0
BRDA:2,105,1,0
BRDA:2,106,0,0
BRDA:2,106,1,0
BRDA:2,107,0,0
BRDA:2,107,1,0
BRDA:2,108,0,0
BRDA:2,108,1,0
BRDA:2,109,0,0
BRDA:2,109,1,0
BRDA:2,110,0,0
BRDA:2,110,1,0
BRDA:2,111,0,0
BRDA:2,111,1,0
BRDA:2,112,0,0
BRDA:2,112,1,0
BRDA:2,113,0,0
BRDA:2,113,1,0
BRDA:2,114,0,0
BRDA:2,114,1,0
BRDA:2,115,0,0
BRDA:2,115,1,0
BRDA:2,116,0,0
BRDA:2,116,1,0
BRDA:2,117,0,0
BRDA:2,117,1,0
BRDA:2,118,0,0
BRDA:2,118,1,0
BRDA:2,119,0,0
BRDA:2,119,1,0
BRDA:2,120,0,0
BRDA:2,120,1,0
BRDA:2,121,0,0
BRDA:2,121,1,0
BRDA:2,122,0,0
BRDA:2,122,1,0
BRDA:2,123,0,0
BRDA:2,123,1,0
BRDA:2,124,0,0
BRDA:2,124,1,0
BRDA:2,125,0,0
BRDA:2,125,1,0
BRDA:2,126,0,0
BRDA:2,126,1,0
BRDA:2,127,0,0
BRDA:2,127,1,0
BRDA:2,128,0,0
BRDA:2,128,1,0
BRDA:2,128,2,0
BRDA:2,129,0,0
BRDA:2,129,1,0
BRDA:2,130,0,0
BRDA:2,130,1,0
BRDA:2,131,0,0
BRDA:2,131,1,0
BRDA:2,131,2,0
BRDA:2,131,3,0
BRDA:2,131,4,0
BRDA:2,132,0,0
BRDA:2,132,1,0
BRDA:2,133,0,0
BRDA:2,133,1,0
BRDA:2,134,0,0
BRDA:2,134,1,0
BRDA:2,135,0,0
BRDA:2,135,1,0
BRDA:2,136,0,0
BRDA:2,136,1,0
BRDA:2,137,0,0
BRDA:2,137,1,0
BRDA:2,138,0,0
BRDA:2,138,1,0
BRF:286
BRH:0
end_of_record
TN:
SF:D:\workspace\Chirpr\client\src\docs\lcov-report\sorter.js
FN:2,(anonymous_0)
FN:11,getTable
FN:15,getTableHeader
FN:19,getTableBody
FN:23,getNthColumn
FN:28,loadColumns
FN:53,loadRowData
FN:72,loadData
FN:81,sortByIndex
FN:83,(anonymous_9)
FN:95,(anonymous_10)
FN:112,removeSortIndicators
FN:120,addSortIndicators
FN:126,enableUI
FN:129,ithSorter
FN:132,(anonymous_15)
FN:159,(anonymous_16)
FNF:17
FNH:0
FNDA:0,(anonymous_0)
FNDA:0,getTable
FNDA:0,getTableHeader
FNDA:0,getTableBody
FNDA:0,getNthColumn
FNDA:0,loadColumns
FNDA:0,loadRowData
FNDA:0,loadData
FNDA:0,sortByIndex
FNDA:0,(anonymous_9)
FNDA:0,(anonymous_10)
FNDA:0,removeSortIndicators
FNDA:0,addSortIndicators
FNDA:0,enableUI
FNDA:0,ithSorter
FNDA:0,(anonymous_15)
FNDA:0,(anonymous_16)
DA:2,0
DA:5,0
DA:12,0
DA:16,0
DA:20,0
DA:24,0
DA:29,0
DA:31,0
DA:35,0
DA:36,0
DA:37,0
DA:42,0
DA:43,0
DA:44,0
DA:45,0
DA:49,0
DA:54,0
DA:57,0
DA:60,0
DA:61,0
DA:62,0
DA:63,0
DA:64,0
DA:65,0
DA:67,0
DA:69,0
DA:73,0
DA:76,0
DA:77,0
DA:82,0
DA:83,0
DA:84,0
DA:85,0
DA:86,0
DA:88,0
DA:89,0
DA:90,0
DA:91,0
DA:94,0
DA:95,0
DA:96,0
DA:100,0
DA:101,0
DA:102,0
DA:105,0
DA:107,0
DA:108,0
DA:113,0
DA:114,0
DA:116,0
DA:117,0
DA:121,0
DA:129,0
DA:130,0
DA:132,0
DA:133,0
DA:135,0
DA:136,0
DA:138,0
DA:139,0
DA:140,0
DA:141,0
DA:142,0
DA:145,0
DA:146,0
DA:149,0
DA:150,0
DA:151,0
DA:153,0
DA:159,0
DA:160,0
DA:161,0
DA:163,0
DA:164,0
DA:165,0
DA:166,0
DA:170,0
LF:77
LH:0
BRDA:40,0,0,0
BRDA:40,0,1,0
BRDA:43,1,0,0
BRDA:43,1,1,0
BRDA:64,2,0,0
BRDA:64,2,1,0
BRDA:86,3,0,0
BRDA:86,3,1,0
BRDA:86,4,0,0
BRDA:86,4,1,0
BRDA:94,5,0,0
BRDA:94,5,1,0
BRDA:121,6,0,0
BRDA:121,6,1,0
BRDA:135,7,0,0
BRDA:135,7,1,0
BRDA:146,8,0,0
BRDA:146,8,1,0
BRDA:150,9,0,0
BRDA:150,9,1,0
BRDA:160,10,0,0
BRDA:160,10,1,0
BRF:22
BRH:0
end_of_record
TN:
SF:D:\workspace\Chirpr\client\src\pages\index.js
FNF:0
FNH:0
LF:0
LH:0
BRF:0
BRH:0
end_of_record
TN:
SF:D:\workspace\Chirpr\client\src\pages\AuthPage\AuthPage.js
FN:9,AuthPage
FNF:1
FNH:0
FNDA:0,AuthPage
DA:10,0
DA:12,0
DA:13,0
DA:20,0
DA:21,0
DA:29,0
LF:6
LH:0
BRDA:12,0,0,0
BRDA:12,0,1,0
BRDA:20,1,0,0
BRDA:20,1,1,0
BRF:4
BRH:0
end_of_record
TN:
SF:D:\workspace\Chirpr\client\src\pages\ErrorPage\ErrorPage.js
FN:4,(anonymous_0)
FNF:1
FNH:0
FNDA:0,(anonymous_0)
DA:5,0
LF:1
LH:0
BRF:0
BRH:0
end_of_record
TN:
SF:D:\workspace\Chirpr\client\src\pages\Feed\Feed.js
FN:26,(anonymous_0)
FN:38,(anonymous_1)
FN:39,(anonymous_2)
FN:40,(anonymous_3)
FN:41,(anonymous_4)
FN:43,(anonymous_5)
FN:55,(anonymous_6)
FN:61,(anonymous_7)
FN:66,(anonymous_8)
FN:70,(anonymous_9)
FN:74,(anonymous_10)
FN:78,(anonymous_11)
FN:82,(anonymous_12)
FN:86,(anonymous_13)
FN:90,(anonymous_14)
FN:93,(anonymous_15)
FNF:16
FNH:0
FNDA:0,(anonymous_0)
FNDA:0,(anonymous_1)
FNDA:0,(anonymous_2)
FNDA:0,(anonymous_3)
FNDA:0,(anonymous_4)
FNDA:0,(anonymous_5)
FNDA:0,(anonymous_6)
FNDA:0,(anonymous_7)
FNDA:0,(anonymous_8)
FNDA:0,(anonymous_9)
FNDA:0,(anonymous_10)
FNDA:0,(anonymous_11)
FNDA:0,(anonymous_12)
FNDA:0,(anonymous_13)
FNDA:0,(anonymous_14)
FNDA:0,(anonymous_15)
DA:26,0
DA:27,0
DA:28,0
DA:29,0
DA:30,0
DA:34,0
DA:35,0
DA:36,0
DA:38,0
DA:39,0
DA:40,0
DA:41,0
DA:43,0
DA:44,0
DA:45,0
DA:46,0
DA:47,0
DA:49,0
DA:50,0
DA:51,0
DA:55,0
DA:56,0
DA:57,0
DA:58,0
DA:59,0
DA:61,0
DA:62,0
DA:66,0
DA:67,0
DA:70,0
DA:71,0
DA:74,0
DA:75,0
DA:78,0
DA:79,0
DA:82,0
DA:83,0
DA:86,0
DA:87,0
DA:90,0
DA:92,0
DA:93,0
DA:94,0
DA:95,0
DA:96,0
DA:97,0
DA:98,0
DA:99,0
DA:100,0
DA:101,0
DA:102,0
DA:104,0
DA:105,0
DA:106,0
DA:109,0
DA:110,0
DA:112,0
DA:113,0
DA:127,0
DA:133,0
DA:140,0
LF:61
LH:0
BRDA:44,0,0,0
BRDA:44,0,1,0
BRDA:44,1,0,0
BRDA:44,1,1,0
BRDA:49,2,0,0
BRDA:49,2,1,0
BRDA:49,3,0,0
BRDA:49,3,1,0
BRDA:56,4,0,0
BRDA:56,4,1,0
BRDA:56,5,0,0
BRDA:56,5,1,0
BRDA:57,6,0,0
BRDA:57,6,1,0
BRDA:92,7,0,0
BRDA:92,7,1,0
BRDA:94,8,0,0
BRDA:94,8,1,0
BRDA:99,9,0,0
BRDA:99,9,1,0
BRDA:100,10,0,0
BRDA:100,10,1,0
BRDA:104,11,0,0
BRDA:104,11,1,0
BRF:24
BRH:0
end_of_record
TN:
SF:D:\workspace\Chirpr\client\src\pages\Landing\Landing.js
FN:14,App
FNF:1
FNH:1
FNDA:2,App
DA:5,1
DA:15,2
LF:2
LH:2
BRF:0
BRH:0
end_of_record
TN:
SF:D:\workspace\Chirpr\client\src\pages\Profile\Profile.js
FN:7,Profile
FN:15,(anonymous_1)
FN:17,(anonymous_2)
FNF:3
FNH:0
FNDA:0,Profile
FNDA:0,(anonymous_1)
FNDA:0,(anonymous_2)
DA:8,0
DA:15,0
DA:17,0
DA:18,0
DA:20,0
DA:21,0
DA:25,0
LF:7
LH:0
BRDA:18,0,0,0
BRDA:18,0,1,0
BRF:2
BRH:0
end_of_record
TN:
SF:D:\workspace\Chirpr\client\src\reducers\authReducer.js
FN:20,(anonymous_0)
FNF:1
FNH:1
FNDA:5,(anonymous_0)
DA:12,1
DA:21,5
DA:23,0
DA:30,0
DA:32,0
DA:34,0
DA:36,0
DA:38,5
LF:8
LH:3
BRDA:20,0,0,3
BRDA:21,1,0,0
BRDA:21,1,1,0
BRDA:21,1,2,0
BRDA:21,1,3,0
BRDA:21,1,4,0
BRDA:21,1,5,5
BRF:7
BRH:2
end_of_record
TN:
SF:D:\workspace\Chirpr\client\src\reducers\chirpReducer.js
FN:15,(anonymous_0)
FNF:1
FNH:1
FNDA:5,(anonymous_0)
DA:12,1
DA:16,5
DA:18,0
DA:20,5
LF:4
LH:3
BRDA:15,0,0,3
BRDA:16,1,0,0
BRDA:16,1,1,5
BRF:3
BRH:2
end_of_record
TN:
SF:D:\workspace\Chirpr\client\src\reducers\index.js
FNF:0
FNH:0
LF:0
LH:0
BRF:0
BRH:0
end_of_record
TN:
SF:D:\workspace\Chirpr\client\src\reducers\networkReducer.js
FN:15,(anonymous_0)
FNF:1
FNH:1
FNDA:5,(anonymous_0)
DA:9,1
DA:16,5
DA:18,0
DA:20,0
DA:22,0
DA:24,5
LF:6
LH:3
BRDA:15,0,0,3
BRDA:16,1,0,0
BRDA:16,1,1,0
BRDA:16,1,2,0
BRDA:16,1,3,5
BRF:5
BRH:2
end_of_record
